2024-12-13 14:13:01 - INFO - Logging system initialized
2024-12-13 14:13:09 - INFO - Starting preprocessing of data...
2024-12-13 14:13:09 - WARNING - words count mismatch on 100.0% of the lines (1/1)
2024-12-13 14:13:09 - WARNING - words count mismatch on 100.0% of the lines (1/1)
2024-12-13 14:13:09 - WARNING - words count mismatch on 100.0% of the lines (1/1)
2024-12-13 14:13:09 - WARNING - words count mismatch on 100.0% of the lines (1/1)
2024-12-13 14:13:09 - WARNING - words count mismatch on 100.0% of the lines (1/1)
2024-12-13 14:13:09 - WARNING - words count mismatch on 100.0% of the lines (1/1)
2024-12-13 14:13:09 - WARNING - words count mismatch on 100.0% of the lines (1/1)
2024-12-13 14:13:10 - WARNING - words count mismatch on 100.0% of the lines (1/1)
2024-12-13 14:13:10 - WARNING - words count mismatch on 100.0% of the lines (1/1)
2024-12-13 14:13:10 - WARNING - words count mismatch on 100.0% of the lines (1/1)
2024-12-13 14:13:10 - WARNING - words count mismatch on 100.0% of the lines (1/1)
2024-12-13 14:13:10 - WARNING - words count mismatch on 100.0% of the lines (1/1)
2024-12-13 14:13:10 - WARNING - words count mismatch on 100.0% of the lines (1/1)
2024-12-13 14:13:10 - WARNING - words count mismatch on 100.0% of the lines (1/1)
2024-12-13 14:13:10 - WARNING - words count mismatch on 100.0% of the lines (1/1)
2024-12-13 14:13:10 - WARNING - words count mismatch on 100.0% of the lines (1/1)
2024-12-13 14:13:10 - WARNING - words count mismatch on 100.0% of the lines (1/1)
2024-12-13 14:13:10 - WARNING - words count mismatch on 100.0% of the lines (1/1)
2024-12-13 14:13:10 - WARNING - words count mismatch on 100.0% of the lines (1/1)
2024-12-13 14:13:10 - WARNING - words count mismatch on 100.0% of the lines (1/1)
2024-12-13 14:13:10 - WARNING - words count mismatch on 100.0% of the lines (1/1)
2024-12-13 14:13:10 - WARNING - words count mismatch on 100.0% of the lines (1/1)
2024-12-13 14:13:10 - WARNING - words count mismatch on 100.0% of the lines (1/1)
2024-12-13 14:13:10 - WARNING - words count mismatch on 100.0% of the lines (1/1)
2024-12-13 14:13:10 - WARNING - words count mismatch on 100.0% of the lines (1/1)
2024-12-13 14:13:10 - WARNING - words count mismatch on 100.0% of the lines (1/1)
2024-12-13 14:13:11 - WARNING - words count mismatch on 100.0% of the lines (1/1)
2024-12-13 14:13:11 - WARNING - words count mismatch on 100.0% of the lines (1/1)
2024-12-13 14:13:11 - WARNING - words count mismatch on 100.0% of the lines (1/1)
2024-12-13 14:13:11 - WARNING - words count mismatch on 100.0% of the lines (1/1)
2024-12-13 14:13:11 - WARNING - words count mismatch on 100.0% of the lines (1/1)
2024-12-13 14:13:11 - WARNING - words count mismatch on 100.0% of the lines (1/1)
2024-12-13 14:13:11 - WARNING - words count mismatch on 100.0% of the lines (1/1)
2024-12-13 14:13:11 - WARNING - words count mismatch on 100.0% of the lines (1/1)
2024-12-13 14:13:11 - WARNING - words count mismatch on 100.0% of the lines (1/1)
2024-12-13 14:13:11 - WARNING - words count mismatch on 100.0% of the lines (1/1)
2024-12-13 14:13:11 - WARNING - words count mismatch on 100.0% of the lines (1/1)
2024-12-13 14:13:11 - WARNING - words count mismatch on 100.0% of the lines (1/1)
2024-12-13 14:13:11 - WARNING - words count mismatch on 100.0% of the lines (1/1)
2024-12-13 14:13:12 - WARNING - words count mismatch on 100.0% of the lines (1/1)
2024-12-13 14:13:12 - WARNING - words count mismatch on 100.0% of the lines (1/1)
2024-12-13 14:13:12 - WARNING - words count mismatch on 100.0% of the lines (1/1)
2024-12-13 14:13:12 - WARNING - words count mismatch on 100.0% of the lines (1/1)
2024-12-13 14:13:12 - WARNING - words count mismatch on 100.0% of the lines (1/1)
2024-12-13 14:13:12 - WARNING - words count mismatch on 100.0% of the lines (1/1)
2024-12-13 14:13:12 - WARNING - words count mismatch on 100.0% of the lines (1/1)
2024-12-13 14:13:12 - WARNING - words count mismatch on 100.0% of the lines (1/1)
2024-12-13 14:13:12 - WARNING - words count mismatch on 100.0% of the lines (1/1)
2024-12-13 14:13:12 - WARNING - words count mismatch on 100.0% of the lines (1/1)
2024-12-13 14:13:12 - WARNING - words count mismatch on 100.0% of the lines (1/1)
2024-12-13 14:13:12 - WARNING - words count mismatch on 100.0% of the lines (1/1)
2024-12-13 14:13:12 - WARNING - words count mismatch on 100.0% of the lines (1/1)
2024-12-13 14:13:12 - WARNING - words count mismatch on 100.0% of the lines (1/1)
2024-12-13 14:13:12 - WARNING - words count mismatch on 100.0% of the lines (1/1)
2024-12-13 14:13:12 - WARNING - words count mismatch on 100.0% of the lines (1/1)
2024-12-13 14:13:12 - WARNING - words count mismatch on 100.0% of the lines (1/1)
2024-12-13 14:13:12 - WARNING - words count mismatch on 100.0% of the lines (1/1)
2024-12-13 14:13:12 - WARNING - words count mismatch on 100.0% of the lines (1/1)
2024-12-13 14:13:13 - WARNING - words count mismatch on 100.0% of the lines (1/1)
2024-12-13 14:13:13 - WARNING - words count mismatch on 100.0% of the lines (1/1)
2024-12-13 14:13:13 - WARNING - words count mismatch on 100.0% of the lines (1/1)
2024-12-13 14:13:13 - WARNING - words count mismatch on 100.0% of the lines (1/1)
2024-12-13 14:13:13 - WARNING - words count mismatch on 100.0% of the lines (1/1)
2024-12-13 14:13:13 - WARNING - words count mismatch on 100.0% of the lines (1/1)
2024-12-13 14:13:13 - WARNING - words count mismatch on 100.0% of the lines (1/1)
2024-12-13 14:13:13 - WARNING - words count mismatch on 100.0% of the lines (1/1)
2024-12-13 14:13:13 - WARNING - words count mismatch on 100.0% of the lines (1/1)
2024-12-13 14:13:13 - WARNING - words count mismatch on 100.0% of the lines (1/1)
2024-12-13 14:13:13 - WARNING - words count mismatch on 100.0% of the lines (1/1)
2024-12-13 14:13:13 - WARNING - words count mismatch on 100.0% of the lines (1/1)
2024-12-13 14:13:13 - WARNING - words count mismatch on 100.0% of the lines (1/1)
2024-12-13 14:13:13 - WARNING - words count mismatch on 100.0% of the lines (1/1)
2024-12-13 14:13:13 - WARNING - words count mismatch on 100.0% of the lines (1/1)
2024-12-13 14:13:14 - WARNING - words count mismatch on 100.0% of the lines (1/1)
2024-12-13 14:13:14 - WARNING - words count mismatch on 100.0% of the lines (1/1)
2024-12-13 14:13:14 - WARNING - words count mismatch on 100.0% of the lines (1/1)
2024-12-13 14:13:14 - WARNING - words count mismatch on 100.0% of the lines (1/1)
2024-12-13 14:13:14 - WARNING - words count mismatch on 100.0% of the lines (1/1)
2024-12-13 14:13:14 - WARNING - words count mismatch on 100.0% of the lines (1/1)
2024-12-13 14:13:14 - WARNING - words count mismatch on 100.0% of the lines (1/1)
2024-12-13 14:13:14 - WARNING - words count mismatch on 100.0% of the lines (1/1)
2024-12-13 14:13:14 - WARNING - words count mismatch on 100.0% of the lines (1/1)
2024-12-13 14:13:14 - INFO - Error processing ./data_small/LibriSpeech/LibriSpeech/dev-clean/2412/153947/2412-153947-0001.flac: No transcription file found in ./data_small/LibriSpeech/LibriSpeech/dev-clean/2412/153947
2024-12-13 14:13:14 - INFO - Error processing ./data_small/LibriSpeech/LibriSpeech/dev-clean/2412/153947/2412-153947-0000.flac: No transcription file found in ./data_small/LibriSpeech/LibriSpeech/dev-clean/2412/153947
2024-12-13 14:13:14 - WARNING - words count mismatch on 100.0% of the lines (1/1)
2024-12-13 14:13:14 - WARNING - words count mismatch on 100.0% of the lines (1/1)
2024-12-13 14:13:14 - WARNING - words count mismatch on 100.0% of the lines (1/1)
2024-12-13 14:13:14 - WARNING - words count mismatch on 100.0% of the lines (1/1)
2024-12-13 14:13:15 - WARNING - words count mismatch on 100.0% of the lines (1/1)
2024-12-13 14:13:15 - WARNING - words count mismatch on 100.0% of the lines (1/1)
2024-12-13 14:13:15 - WARNING - words count mismatch on 100.0% of the lines (1/1)
2024-12-13 14:13:15 - WARNING - words count mismatch on 100.0% of the lines (1/1)
2024-12-13 14:13:15 - WARNING - words count mismatch on 100.0% of the lines (1/1)
2024-12-13 14:13:15 - WARNING - words count mismatch on 100.0% of the lines (1/1)
2024-12-13 14:13:15 - WARNING - words count mismatch on 100.0% of the lines (1/1)
2024-12-13 14:13:15 - WARNING - words count mismatch on 100.0% of the lines (1/1)
2024-12-13 14:13:15 - WARNING - words count mismatch on 100.0% of the lines (1/1)
2024-12-13 14:13:15 - WARNING - words count mismatch on 100.0% of the lines (1/1)
2024-12-13 14:13:15 - WARNING - words count mismatch on 100.0% of the lines (1/1)
2024-12-13 14:13:15 - WARNING - words count mismatch on 100.0% of the lines (1/1)
2024-12-13 14:13:15 - WARNING - words count mismatch on 100.0% of the lines (1/1)
2024-12-13 14:13:15 - WARNING - words count mismatch on 100.0% of the lines (1/1)
2024-12-13 14:13:15 - WARNING - words count mismatch on 100.0% of the lines (1/1)
2024-12-13 14:13:15 - WARNING - words count mismatch on 100.0% of the lines (1/1)
2024-12-13 14:13:15 - WARNING - words count mismatch on 100.0% of the lines (1/1)
2024-12-13 14:13:15 - WARNING - words count mismatch on 100.0% of the lines (1/1)
2024-12-13 14:13:15 - WARNING - words count mismatch on 100.0% of the lines (1/1)
2024-12-13 14:13:16 - WARNING - words count mismatch on 100.0% of the lines (1/1)
2024-12-13 14:13:16 - WARNING - words count mismatch on 100.0% of the lines (1/1)
2024-12-13 14:13:16 - WARNING - words count mismatch on 100.0% of the lines (1/1)
2024-12-13 14:13:16 - WARNING - words count mismatch on 100.0% of the lines (1/1)
2024-12-13 14:13:16 - WARNING - words count mismatch on 100.0% of the lines (1/1)
2024-12-13 14:13:16 - WARNING - words count mismatch on 100.0% of the lines (1/1)
2024-12-13 14:13:16 - WARNING - words count mismatch on 100.0% of the lines (1/1)
2024-12-13 14:13:16 - WARNING - words count mismatch on 100.0% of the lines (1/1)
2024-12-13 14:13:16 - WARNING - words count mismatch on 100.0% of the lines (1/1)
2024-12-13 14:13:16 - WARNING - words count mismatch on 100.0% of the lines (1/1)
2024-12-13 14:13:16 - WARNING - words count mismatch on 100.0% of the lines (1/1)
2024-12-13 14:13:17 - WARNING - words count mismatch on 100.0% of the lines (1/1)
2024-12-13 14:13:17 - WARNING - words count mismatch on 100.0% of the lines (1/1)
2024-12-13 14:13:17 - WARNING - words count mismatch on 100.0% of the lines (1/1)
2024-12-13 14:13:17 - WARNING - words count mismatch on 100.0% of the lines (1/1)
2024-12-13 14:13:17 - WARNING - words count mismatch on 100.0% of the lines (1/1)
2024-12-13 14:13:17 - WARNING - words count mismatch on 100.0% of the lines (1/1)
2024-12-13 14:13:17 - WARNING - words count mismatch on 100.0% of the lines (1/1)
2024-12-13 14:13:17 - WARNING - words count mismatch on 100.0% of the lines (1/1)
2024-12-13 14:13:17 - WARNING - words count mismatch on 100.0% of the lines (1/1)
2024-12-13 14:13:17 - WARNING - words count mismatch on 100.0% of the lines (1/1)
2024-12-13 14:13:17 - WARNING - words count mismatch on 100.0% of the lines (1/1)
2024-12-13 14:13:17 - WARNING - words count mismatch on 100.0% of the lines (1/1)
2024-12-13 14:13:18 - WARNING - words count mismatch on 100.0% of the lines (1/1)
2024-12-13 14:13:18 - WARNING - words count mismatch on 100.0% of the lines (1/1)
2024-12-13 14:13:18 - WARNING - words count mismatch on 100.0% of the lines (1/1)
2024-12-13 14:13:18 - WARNING - words count mismatch on 100.0% of the lines (1/1)
2024-12-13 14:13:18 - WARNING - words count mismatch on 100.0% of the lines (1/1)
2024-12-13 14:13:18 - WARNING - words count mismatch on 100.0% of the lines (1/1)
2024-12-13 14:13:18 - WARNING - words count mismatch on 100.0% of the lines (1/1)
2024-12-13 14:13:18 - WARNING - words count mismatch on 100.0% of the lines (1/1)
2024-12-13 14:13:18 - WARNING - words count mismatch on 100.0% of the lines (1/1)
2024-12-13 14:13:18 - WARNING - words count mismatch on 100.0% of the lines (1/1)
2024-12-13 14:13:18 - WARNING - words count mismatch on 100.0% of the lines (1/1)
2024-12-13 14:13:18 - WARNING - words count mismatch on 100.0% of the lines (1/1)
2024-12-13 14:13:18 - WARNING - words count mismatch on 100.0% of the lines (1/1)
2024-12-13 14:13:18 - WARNING - words count mismatch on 100.0% of the lines (1/1)
2024-12-13 14:13:18 - WARNING - words count mismatch on 100.0% of the lines (1/1)
2024-12-13 14:13:18 - WARNING - words count mismatch on 100.0% of the lines (1/1)
2024-12-13 14:13:18 - WARNING - words count mismatch on 100.0% of the lines (1/1)
2024-12-13 14:13:19 - WARNING - words count mismatch on 100.0% of the lines (1/1)
2024-12-13 14:13:19 - WARNING - words count mismatch on 100.0% of the lines (1/1)
2024-12-13 14:13:19 - WARNING - words count mismatch on 100.0% of the lines (1/1)
2024-12-13 14:13:19 - WARNING - words count mismatch on 100.0% of the lines (1/1)
2024-12-13 14:13:19 - WARNING - words count mismatch on 100.0% of the lines (1/1)
2024-12-13 14:13:19 - WARNING - words count mismatch on 100.0% of the lines (1/1)
2024-12-13 14:13:19 - WARNING - words count mismatch on 100.0% of the lines (1/1)
2024-12-13 14:13:19 - WARNING - words count mismatch on 100.0% of the lines (1/1)
2024-12-13 14:13:19 - WARNING - words count mismatch on 100.0% of the lines (1/1)
2024-12-13 14:13:19 - WARNING - words count mismatch on 100.0% of the lines (1/1)
2024-12-13 14:13:19 - WARNING - words count mismatch on 100.0% of the lines (1/1)
2024-12-13 14:13:19 - WARNING - words count mismatch on 100.0% of the lines (1/1)
2024-12-13 14:13:19 - WARNING - words count mismatch on 100.0% of the lines (1/1)
2024-12-13 14:13:19 - WARNING - words count mismatch on 100.0% of the lines (1/1)
2024-12-13 14:13:19 - WARNING - words count mismatch on 100.0% of the lines (1/1)
2024-12-13 14:13:19 - WARNING - words count mismatch on 100.0% of the lines (1/1)
2024-12-13 14:13:19 - WARNING - words count mismatch on 100.0% of the lines (1/1)
2024-12-13 14:13:19 - WARNING - words count mismatch on 100.0% of the lines (1/1)
2024-12-13 14:13:19 - WARNING - words count mismatch on 100.0% of the lines (1/1)
2024-12-13 14:13:19 - WARNING - words count mismatch on 100.0% of the lines (1/1)
2024-12-13 14:13:19 - WARNING - words count mismatch on 100.0% of the lines (1/1)
2024-12-13 14:13:20 - WARNING - words count mismatch on 100.0% of the lines (1/1)
2024-12-13 14:13:20 - WARNING - words count mismatch on 100.0% of the lines (1/1)
2024-12-13 14:13:20 - WARNING - words count mismatch on 100.0% of the lines (1/1)
2024-12-13 14:13:20 - WARNING - words count mismatch on 100.0% of the lines (1/1)
2024-12-13 14:13:20 - WARNING - words count mismatch on 100.0% of the lines (1/1)
2024-12-13 14:13:20 - WARNING - words count mismatch on 100.0% of the lines (1/1)
2024-12-13 14:13:20 - WARNING - words count mismatch on 100.0% of the lines (1/1)
2024-12-13 14:13:20 - WARNING - words count mismatch on 100.0% of the lines (1/1)
2024-12-13 14:13:20 - WARNING - words count mismatch on 100.0% of the lines (1/1)
2024-12-13 14:13:20 - WARNING - words count mismatch on 100.0% of the lines (1/1)
2024-12-13 14:13:20 - WARNING - words count mismatch on 100.0% of the lines (1/1)
2024-12-13 14:13:20 - WARNING - words count mismatch on 100.0% of the lines (1/1)
2024-12-13 14:13:20 - WARNING - words count mismatch on 100.0% of the lines (1/1)
2024-12-13 14:13:20 - WARNING - words count mismatch on 100.0% of the lines (1/1)
2024-12-13 14:13:20 - WARNING - words count mismatch on 100.0% of the lines (1/1)
2024-12-13 14:13:20 - WARNING - words count mismatch on 100.0% of the lines (1/1)
2024-12-13 14:13:21 - WARNING - words count mismatch on 100.0% of the lines (1/1)
2024-12-13 14:13:21 - WARNING - words count mismatch on 100.0% of the lines (1/1)
2024-12-13 14:13:21 - WARNING - words count mismatch on 100.0% of the lines (1/1)
2024-12-13 14:13:21 - WARNING - words count mismatch on 100.0% of the lines (1/1)
2024-12-13 14:13:21 - WARNING - words count mismatch on 100.0% of the lines (1/1)
2024-12-13 14:13:21 - WARNING - words count mismatch on 100.0% of the lines (1/1)
2024-12-13 14:13:21 - WARNING - words count mismatch on 100.0% of the lines (1/1)
2024-12-13 14:13:21 - WARNING - words count mismatch on 100.0% of the lines (1/1)
2024-12-13 14:13:21 - WARNING - words count mismatch on 100.0% of the lines (1/1)
2024-12-13 14:13:21 - WARNING - words count mismatch on 100.0% of the lines (1/1)
2024-12-13 14:13:21 - WARNING - words count mismatch on 100.0% of the lines (1/1)
2024-12-13 14:13:21 - WARNING - words count mismatch on 100.0% of the lines (1/1)
2024-12-13 14:13:21 - WARNING - words count mismatch on 100.0% of the lines (1/1)
2024-12-13 14:13:22 - WARNING - words count mismatch on 100.0% of the lines (1/1)
2024-12-13 14:13:22 - WARNING - words count mismatch on 100.0% of the lines (1/1)
2024-12-13 14:13:22 - WARNING - words count mismatch on 100.0% of the lines (1/1)
2024-12-13 14:13:22 - WARNING - words count mismatch on 100.0% of the lines (1/1)
2024-12-13 14:13:22 - WARNING - words count mismatch on 100.0% of the lines (1/1)
2024-12-13 14:13:22 - WARNING - words count mismatch on 100.0% of the lines (1/1)
2024-12-13 14:13:22 - WARNING - words count mismatch on 100.0% of the lines (1/1)
2024-12-13 14:13:22 - WARNING - words count mismatch on 100.0% of the lines (1/1)
2024-12-13 14:13:22 - WARNING - words count mismatch on 100.0% of the lines (1/1)
2024-12-13 14:13:22 - WARNING - words count mismatch on 100.0% of the lines (1/1)
2024-12-13 14:13:22 - WARNING - words count mismatch on 100.0% of the lines (1/1)
2024-12-13 14:13:22 - WARNING - words count mismatch on 100.0% of the lines (1/1)
2024-12-13 14:13:22 - WARNING - words count mismatch on 100.0% of the lines (1/1)
2024-12-13 14:13:22 - WARNING - words count mismatch on 100.0% of the lines (1/1)
2024-12-13 14:13:22 - WARNING - words count mismatch on 100.0% of the lines (1/1)
2024-12-13 14:13:22 - WARNING - words count mismatch on 100.0% of the lines (1/1)
2024-12-13 14:13:23 - WARNING - words count mismatch on 100.0% of the lines (1/1)
2024-12-13 14:13:23 - WARNING - words count mismatch on 100.0% of the lines (1/1)
2024-12-13 14:13:23 - WARNING - words count mismatch on 100.0% of the lines (1/1)
2024-12-13 14:13:23 - WARNING - words count mismatch on 100.0% of the lines (1/1)
2024-12-13 14:13:23 - WARNING - words count mismatch on 100.0% of the lines (1/1)
2024-12-13 14:13:23 - WARNING - words count mismatch on 100.0% of the lines (1/1)
2024-12-13 14:13:23 - WARNING - words count mismatch on 100.0% of the lines (1/1)
2024-12-13 14:13:23 - WARNING - words count mismatch on 100.0% of the lines (1/1)
2024-12-13 14:13:23 - WARNING - words count mismatch on 100.0% of the lines (1/1)
2024-12-13 14:13:23 - WARNING - words count mismatch on 100.0% of the lines (1/1)
2024-12-13 14:13:23 - WARNING - words count mismatch on 100.0% of the lines (1/1)
2024-12-13 14:13:23 - WARNING - words count mismatch on 100.0% of the lines (1/1)
2024-12-13 14:13:23 - WARNING - words count mismatch on 100.0% of the lines (1/1)
2024-12-13 14:13:23 - WARNING - words count mismatch on 100.0% of the lines (1/1)
2024-12-13 14:13:23 - WARNING - words count mismatch on 100.0% of the lines (1/1)
2024-12-13 14:13:23 - WARNING - words count mismatch on 100.0% of the lines (1/1)
2024-12-13 14:13:24 - WARNING - words count mismatch on 100.0% of the lines (1/1)
2024-12-13 14:13:24 - WARNING - words count mismatch on 100.0% of the lines (1/1)
2024-12-13 14:13:24 - WARNING - words count mismatch on 100.0% of the lines (1/1)
2024-12-13 14:13:24 - WARNING - words count mismatch on 100.0% of the lines (1/1)
2024-12-13 14:13:24 - WARNING - words count mismatch on 100.0% of the lines (1/1)
2024-12-13 14:13:24 - WARNING - words count mismatch on 100.0% of the lines (1/1)
2024-12-13 14:13:24 - WARNING - words count mismatch on 100.0% of the lines (1/1)
2024-12-13 14:13:24 - WARNING - words count mismatch on 100.0% of the lines (1/1)
2024-12-13 14:13:24 - WARNING - words count mismatch on 100.0% of the lines (1/1)
2024-12-13 14:13:24 - WARNING - words count mismatch on 100.0% of the lines (1/1)
2024-12-13 14:13:24 - WARNING - words count mismatch on 100.0% of the lines (1/1)
2024-12-13 14:13:24 - WARNING - words count mismatch on 100.0% of the lines (1/1)
2024-12-13 14:13:24 - WARNING - words count mismatch on 100.0% of the lines (1/1)
2024-12-13 14:13:24 - WARNING - words count mismatch on 100.0% of the lines (1/1)
2024-12-13 14:13:24 - WARNING - words count mismatch on 100.0% of the lines (1/1)
2024-12-13 14:13:24 - WARNING - words count mismatch on 100.0% of the lines (1/1)
2024-12-13 14:13:24 - WARNING - words count mismatch on 100.0% of the lines (1/1)
2024-12-13 14:13:24 - WARNING - words count mismatch on 100.0% of the lines (1/1)
2024-12-13 14:13:24 - WARNING - words count mismatch on 100.0% of the lines (1/1)
2024-12-13 14:13:24 - WARNING - words count mismatch on 100.0% of the lines (1/1)
2024-12-13 14:13:24 - WARNING - words count mismatch on 100.0% of the lines (1/1)
2024-12-13 14:13:24 - WARNING - words count mismatch on 100.0% of the lines (1/1)
2024-12-13 14:13:24 - WARNING - words count mismatch on 100.0% of the lines (1/1)
2024-12-13 14:13:24 - WARNING - words count mismatch on 100.0% of the lines (1/1)
2024-12-13 14:13:24 - WARNING - words count mismatch on 100.0% of the lines (1/1)
2024-12-13 14:13:24 - WARNING - words count mismatch on 100.0% of the lines (1/1)
2024-12-13 14:13:24 - WARNING - words count mismatch on 100.0% of the lines (1/1)
2024-12-13 14:13:25 - WARNING - words count mismatch on 100.0% of the lines (1/1)
2024-12-13 14:13:25 - WARNING - words count mismatch on 100.0% of the lines (1/1)
2024-12-13 14:13:25 - WARNING - words count mismatch on 100.0% of the lines (1/1)
2024-12-13 14:13:25 - WARNING - words count mismatch on 100.0% of the lines (1/1)
2024-12-13 14:13:25 - WARNING - words count mismatch on 100.0% of the lines (1/1)
2024-12-13 14:13:25 - WARNING - words count mismatch on 100.0% of the lines (1/1)
2024-12-13 14:13:25 - WARNING - words count mismatch on 100.0% of the lines (1/1)
2024-12-13 14:13:25 - WARNING - words count mismatch on 100.0% of the lines (1/1)
2024-12-13 14:13:25 - WARNING - words count mismatch on 100.0% of the lines (1/1)
2024-12-13 14:13:25 - WARNING - words count mismatch on 100.0% of the lines (1/1)
2024-12-13 14:13:25 - WARNING - words count mismatch on 100.0% of the lines (1/1)
2024-12-13 14:13:25 - WARNING - words count mismatch on 100.0% of the lines (1/1)
2024-12-13 14:13:25 - WARNING - words count mismatch on 100.0% of the lines (1/1)
2024-12-13 14:13:25 - WARNING - words count mismatch on 100.0% of the lines (1/1)
2024-12-13 14:13:25 - WARNING - words count mismatch on 100.0% of the lines (1/1)
2024-12-13 14:13:25 - WARNING - words count mismatch on 100.0% of the lines (1/1)
2024-12-13 14:13:25 - WARNING - words count mismatch on 100.0% of the lines (1/1)
2024-12-13 14:13:26 - WARNING - words count mismatch on 100.0% of the lines (1/1)
2024-12-13 14:13:26 - WARNING - words count mismatch on 100.0% of the lines (1/1)
2024-12-13 14:13:26 - WARNING - words count mismatch on 100.0% of the lines (1/1)
2024-12-13 14:13:26 - WARNING - words count mismatch on 100.0% of the lines (1/1)
2024-12-13 14:13:26 - WARNING - words count mismatch on 100.0% of the lines (1/1)
2024-12-13 14:13:26 - WARNING - words count mismatch on 100.0% of the lines (1/1)
2024-12-13 14:13:26 - WARNING - words count mismatch on 100.0% of the lines (1/1)
2024-12-13 14:13:26 - WARNING - words count mismatch on 100.0% of the lines (1/1)
2024-12-13 14:13:26 - WARNING - words count mismatch on 100.0% of the lines (1/1)
2024-12-13 14:13:26 - WARNING - words count mismatch on 100.0% of the lines (1/1)
2024-12-13 14:13:26 - WARNING - words count mismatch on 100.0% of the lines (1/1)
2024-12-13 14:13:26 - WARNING - words count mismatch on 100.0% of the lines (1/1)
2024-12-13 14:13:26 - WARNING - words count mismatch on 100.0% of the lines (1/1)
2024-12-13 14:13:26 - WARNING - words count mismatch on 100.0% of the lines (1/1)
2024-12-13 14:13:26 - WARNING - words count mismatch on 100.0% of the lines (1/1)
2024-12-13 14:13:26 - WARNING - words count mismatch on 100.0% of the lines (1/1)
2024-12-13 14:13:26 - WARNING - words count mismatch on 100.0% of the lines (1/1)
2024-12-13 14:13:26 - WARNING - words count mismatch on 100.0% of the lines (1/1)
2024-12-13 14:13:26 - WARNING - words count mismatch on 100.0% of the lines (1/1)
2024-12-13 14:13:26 - WARNING - words count mismatch on 100.0% of the lines (1/1)
2024-12-13 14:13:27 - WARNING - words count mismatch on 100.0% of the lines (1/1)
2024-12-13 14:13:27 - WARNING - words count mismatch on 100.0% of the lines (1/1)
2024-12-13 14:13:27 - WARNING - words count mismatch on 100.0% of the lines (1/1)
2024-12-13 14:13:27 - WARNING - words count mismatch on 100.0% of the lines (1/1)
2024-12-13 14:13:27 - WARNING - words count mismatch on 100.0% of the lines (1/1)
2024-12-13 14:13:27 - WARNING - words count mismatch on 100.0% of the lines (1/1)
2024-12-13 14:13:27 - WARNING - words count mismatch on 100.0% of the lines (1/1)
2024-12-13 14:13:27 - WARNING - words count mismatch on 100.0% of the lines (1/1)
2024-12-13 14:13:27 - WARNING - words count mismatch on 100.0% of the lines (1/1)
2024-12-13 14:13:27 - WARNING - words count mismatch on 100.0% of the lines (1/1)
2024-12-13 14:13:27 - WARNING - words count mismatch on 100.0% of the lines (1/1)
2024-12-13 14:13:27 - INFO - Phoneme vocabulary size: 44
2024-12-13 14:13:28 - WARNING - words count mismatch on 100.0% of the lines (1/1)
2024-12-13 14:13:29 - WARNING - words count mismatch on 100.0% of the lines (1/1)
2024-12-13 14:13:29 - WARNING - words count mismatch on 100.0% of the lines (1/1)
2024-12-13 14:13:29 - WARNING - words count mismatch on 100.0% of the lines (1/1)
2024-12-13 14:13:29 - WARNING - words count mismatch on 100.0% of the lines (1/1)
2024-12-13 14:13:29 - WARNING - words count mismatch on 100.0% of the lines (1/1)
2024-12-13 14:13:30 - WARNING - words count mismatch on 100.0% of the lines (1/1)
2024-12-13 14:13:31 - WARNING - words count mismatch on 100.0% of the lines (1/1)
2024-12-13 14:13:31 - WARNING - words count mismatch on 100.0% of the lines (1/1)
2024-12-13 14:13:31 - WARNING - words count mismatch on 100.0% of the lines (1/1)
2024-12-13 14:13:32 - WARNING - words count mismatch on 100.0% of the lines (1/1)
2024-12-13 14:13:32 - WARNING - words count mismatch on 100.0% of the lines (1/1)
2024-12-13 14:13:32 - WARNING - words count mismatch on 100.0% of the lines (1/1)
2024-12-13 14:13:33 - WARNING - words count mismatch on 100.0% of the lines (1/1)
2024-12-13 14:13:33 - WARNING - words count mismatch on 100.0% of the lines (1/1)
2024-12-13 14:13:33 - WARNING - words count mismatch on 100.0% of the lines (1/1)
2024-12-13 14:13:33 - WARNING - words count mismatch on 100.0% of the lines (1/1)
2024-12-13 14:13:33 - WARNING - words count mismatch on 100.0% of the lines (1/1)
2024-12-13 14:13:34 - WARNING - words count mismatch on 100.0% of the lines (1/1)
2024-12-13 14:13:34 - WARNING - words count mismatch on 100.0% of the lines (1/1)
2024-12-13 14:13:34 - WARNING - words count mismatch on 100.0% of the lines (1/1)
2024-12-13 14:13:34 - WARNING - words count mismatch on 100.0% of the lines (1/1)
2024-12-13 14:13:34 - WARNING - words count mismatch on 100.0% of the lines (1/1)
2024-12-13 14:13:35 - WARNING - words count mismatch on 100.0% of the lines (1/1)
2024-12-13 14:13:36 - WARNING - words count mismatch on 100.0% of the lines (1/1)
2024-12-13 14:13:36 - WARNING - words count mismatch on 100.0% of the lines (1/1)
2024-12-13 14:13:36 - WARNING - words count mismatch on 100.0% of the lines (1/1)
2024-12-13 14:13:37 - WARNING - words count mismatch on 100.0% of the lines (1/1)
2024-12-13 14:13:37 - WARNING - words count mismatch on 100.0% of the lines (1/1)
2024-12-13 14:13:38 - WARNING - words count mismatch on 100.0% of the lines (1/1)
2024-12-13 14:13:39 - WARNING - words count mismatch on 100.0% of the lines (1/1)
2024-12-13 14:13:39 - WARNING - words count mismatch on 100.0% of the lines (1/1)
2024-12-13 14:13:39 - WARNING - words count mismatch on 100.0% of the lines (1/1)
2024-12-13 14:13:39 - WARNING - words count mismatch on 100.0% of the lines (1/1)
2024-12-13 14:13:40 - WARNING - words count mismatch on 100.0% of the lines (1/1)
2024-12-13 14:13:40 - WARNING - words count mismatch on 100.0% of the lines (1/1)
2024-12-13 14:13:40 - WARNING - words count mismatch on 100.0% of the lines (1/1)
2024-12-13 14:13:41 - WARNING - words count mismatch on 100.0% of the lines (1/1)
2024-12-13 14:13:43 - WARNING - words count mismatch on 100.0% of the lines (1/1)
2024-12-13 14:13:43 - WARNING - words count mismatch on 100.0% of the lines (1/1)
2024-12-13 14:13:43 - WARNING - words count mismatch on 100.0% of the lines (1/1)
2024-12-13 14:13:44 - WARNING - words count mismatch on 100.0% of the lines (1/1)
2024-12-13 14:13:44 - WARNING - words count mismatch on 100.0% of the lines (1/1)
2024-12-13 14:13:45 - WARNING - words count mismatch on 100.0% of the lines (1/1)
2024-12-13 14:13:45 - WARNING - words count mismatch on 100.0% of the lines (1/1)
2024-12-13 14:13:46 - WARNING - words count mismatch on 100.0% of the lines (1/1)
2024-12-13 14:13:47 - WARNING - words count mismatch on 100.0% of the lines (1/1)
2024-12-13 14:13:47 - WARNING - words count mismatch on 100.0% of the lines (1/1)
2024-12-13 14:13:47 - WARNING - words count mismatch on 100.0% of the lines (1/1)
2024-12-13 14:13:47 - WARNING - words count mismatch on 100.0% of the lines (1/1)
2024-12-13 14:13:48 - WARNING - words count mismatch on 100.0% of the lines (1/1)
2024-12-13 14:13:48 - WARNING - words count mismatch on 100.0% of the lines (1/1)
2024-12-13 14:13:48 - WARNING - words count mismatch on 100.0% of the lines (1/1)
2024-12-13 14:13:48 - WARNING - words count mismatch on 100.0% of the lines (1/1)
2024-12-13 14:13:48 - WARNING - words count mismatch on 100.0% of the lines (1/1)
2024-12-13 14:13:48 - WARNING - words count mismatch on 100.0% of the lines (1/1)
2024-12-13 14:13:49 - WARNING - words count mismatch on 100.0% of the lines (1/1)
2024-12-13 14:13:49 - WARNING - words count mismatch on 100.0% of the lines (1/1)
2024-12-13 14:13:49 - WARNING - words count mismatch on 100.0% of the lines (1/1)
2024-12-13 14:13:50 - WARNING - words count mismatch on 100.0% of the lines (1/1)
2024-12-13 14:13:50 - WARNING - words count mismatch on 100.0% of the lines (1/1)
2024-12-13 14:13:50 - WARNING - words count mismatch on 100.0% of the lines (1/1)
2024-12-13 14:13:50 - WARNING - words count mismatch on 100.0% of the lines (1/1)
2024-12-13 14:13:50 - WARNING - words count mismatch on 100.0% of the lines (1/1)
2024-12-13 14:13:51 - WARNING - words count mismatch on 100.0% of the lines (1/1)
2024-12-13 14:13:51 - WARNING - words count mismatch on 100.0% of the lines (1/1)
2024-12-13 14:13:52 - WARNING - words count mismatch on 100.0% of the lines (1/1)
2024-12-13 14:13:53 - WARNING - words count mismatch on 100.0% of the lines (1/1)
2024-12-13 14:13:53 - WARNING - words count mismatch on 100.0% of the lines (1/1)
2024-12-13 14:13:53 - WARNING - words count mismatch on 100.0% of the lines (1/1)
2024-12-13 14:13:53 - WARNING - words count mismatch on 100.0% of the lines (1/1)
2024-12-13 14:13:54 - WARNING - words count mismatch on 100.0% of the lines (1/1)
2024-12-13 14:13:54 - WARNING - words count mismatch on 100.0% of the lines (1/1)
2024-12-13 14:13:56 - WARNING - words count mismatch on 100.0% of the lines (1/1)
2024-12-13 14:13:56 - WARNING - words count mismatch on 100.0% of the lines (1/1)
2024-12-13 14:13:57 - WARNING - words count mismatch on 100.0% of the lines (1/1)
2024-12-13 14:13:57 - WARNING - words count mismatch on 100.0% of the lines (1/1)
2024-12-13 14:13:57 - WARNING - words count mismatch on 100.0% of the lines (1/1)
2024-12-13 14:13:58 - WARNING - words count mismatch on 100.0% of the lines (1/1)
2024-12-13 14:13:58 - WARNING - words count mismatch on 100.0% of the lines (1/1)
2024-12-13 14:13:59 - WARNING - words count mismatch on 100.0% of the lines (1/1)
2024-12-13 14:13:59 - WARNING - words count mismatch on 100.0% of the lines (1/1)
2024-12-13 14:14:01 - WARNING - words count mismatch on 100.0% of the lines (1/1)
2024-12-13 14:14:01 - WARNING - words count mismatch on 100.0% of the lines (1/1)
2024-12-13 14:14:01 - WARNING - words count mismatch on 100.0% of the lines (1/1)
2024-12-13 14:14:02 - WARNING - words count mismatch on 100.0% of the lines (1/1)
2024-12-13 14:14:03 - WARNING - words count mismatch on 100.0% of the lines (1/1)
2024-12-13 14:14:04 - WARNING - words count mismatch on 100.0% of the lines (1/1)
2024-12-13 14:14:04 - WARNING - words count mismatch on 100.0% of the lines (1/1)
2024-12-13 14:14:05 - WARNING - words count mismatch on 100.0% of the lines (1/1)
2024-12-13 14:14:05 - WARNING - words count mismatch on 100.0% of the lines (1/1)
2024-12-13 14:14:05 - WARNING - words count mismatch on 100.0% of the lines (1/1)
2024-12-13 14:14:06 - WARNING - words count mismatch on 100.0% of the lines (1/1)
2024-12-13 14:14:06 - WARNING - words count mismatch on 100.0% of the lines (1/1)
2024-12-13 14:14:06 - WARNING - words count mismatch on 100.0% of the lines (1/1)
2024-12-13 14:14:07 - WARNING - words count mismatch on 100.0% of the lines (1/1)
2024-12-13 14:14:07 - WARNING - words count mismatch on 100.0% of the lines (1/1)
2024-12-13 14:14:07 - WARNING - words count mismatch on 100.0% of the lines (1/1)
2024-12-13 14:14:07 - WARNING - words count mismatch on 100.0% of the lines (1/1)
2024-12-13 14:14:08 - WARNING - words count mismatch on 100.0% of the lines (1/1)
2024-12-13 14:14:08 - WARNING - words count mismatch on 100.0% of the lines (1/1)
2024-12-13 14:14:08 - WARNING - words count mismatch on 100.0% of the lines (1/1)
2024-12-13 14:14:08 - WARNING - words count mismatch on 100.0% of the lines (1/1)
2024-12-13 14:14:09 - WARNING - words count mismatch on 100.0% of the lines (1/1)
2024-12-13 14:14:09 - WARNING - words count mismatch on 100.0% of the lines (1/1)
2024-12-13 14:14:10 - WARNING - words count mismatch on 100.0% of the lines (1/1)
2024-12-13 14:14:10 - WARNING - words count mismatch on 100.0% of the lines (1/1)
2024-12-13 14:14:10 - WARNING - words count mismatch on 100.0% of the lines (1/1)
2024-12-13 14:14:10 - WARNING - words count mismatch on 100.0% of the lines (1/1)
2024-12-13 14:14:10 - WARNING - words count mismatch on 100.0% of the lines (1/1)
2024-12-13 14:14:11 - WARNING - words count mismatch on 100.0% of the lines (1/1)
2024-12-13 14:14:11 - WARNING - words count mismatch on 100.0% of the lines (1/1)
2024-12-13 14:14:13 - WARNING - words count mismatch on 100.0% of the lines (1/1)
2024-12-13 14:14:14 - WARNING - words count mismatch on 100.0% of the lines (1/1)
2024-12-13 14:14:15 - WARNING - words count mismatch on 100.0% of the lines (1/1)
2024-12-13 14:14:15 - WARNING - words count mismatch on 100.0% of the lines (1/1)
2024-12-13 14:14:17 - WARNING - words count mismatch on 100.0% of the lines (1/1)
2024-12-13 14:14:18 - WARNING - words count mismatch on 100.0% of the lines (1/1)
2024-12-13 14:14:18 - WARNING - words count mismatch on 100.0% of the lines (1/1)
2024-12-13 14:14:18 - WARNING - words count mismatch on 100.0% of the lines (1/1)
2024-12-13 14:14:19 - WARNING - words count mismatch on 100.0% of the lines (1/1)
2024-12-13 14:14:19 - WARNING - words count mismatch on 100.0% of the lines (1/1)
2024-12-13 14:14:19 - WARNING - words count mismatch on 100.0% of the lines (1/1)
2024-12-13 14:14:20 - WARNING - words count mismatch on 100.0% of the lines (1/1)
2024-12-13 14:14:21 - WARNING - words count mismatch on 100.0% of the lines (1/1)
2024-12-13 14:14:21 - WARNING - words count mismatch on 100.0% of the lines (1/1)
2024-12-13 14:14:21 - WARNING - words count mismatch on 100.0% of the lines (1/1)
2024-12-13 14:14:21 - WARNING - words count mismatch on 100.0% of the lines (1/1)
2024-12-13 14:14:22 - WARNING - words count mismatch on 100.0% of the lines (1/1)
2024-12-13 14:14:23 - WARNING - words count mismatch on 100.0% of the lines (1/1)
2024-12-13 14:14:23 - WARNING - words count mismatch on 100.0% of the lines (1/1)
2024-12-13 14:14:24 - WARNING - words count mismatch on 100.0% of the lines (1/1)
2024-12-13 14:14:24 - WARNING - words count mismatch on 100.0% of the lines (1/1)
2024-12-13 14:14:24 - WARNING - words count mismatch on 100.0% of the lines (1/1)
2024-12-13 14:14:24 - WARNING - words count mismatch on 100.0% of the lines (1/1)
2024-12-13 14:14:25 - WARNING - words count mismatch on 100.0% of the lines (1/1)
2024-12-13 14:14:26 - WARNING - words count mismatch on 100.0% of the lines (1/1)
2024-12-13 14:14:26 - WARNING - words count mismatch on 100.0% of the lines (1/1)
2024-12-13 14:14:27 - WARNING - words count mismatch on 100.0% of the lines (1/1)
2024-12-13 14:14:27 - WARNING - words count mismatch on 100.0% of the lines (1/1)
2024-12-13 14:14:27 - WARNING - words count mismatch on 100.0% of the lines (1/1)
2024-12-13 14:14:28 - WARNING - words count mismatch on 100.0% of the lines (1/1)
2024-12-13 14:14:28 - WARNING - words count mismatch on 100.0% of the lines (1/1)
2024-12-13 14:14:28 - WARNING - words count mismatch on 100.0% of the lines (1/1)
2024-12-13 14:14:28 - WARNING - words count mismatch on 100.0% of the lines (1/1)
2024-12-13 14:14:29 - WARNING - words count mismatch on 100.0% of the lines (1/1)
2024-12-13 14:14:29 - WARNING - words count mismatch on 100.0% of the lines (1/1)
2024-12-13 14:14:29 - WARNING - words count mismatch on 100.0% of the lines (1/1)
2024-12-13 14:14:29 - WARNING - words count mismatch on 100.0% of the lines (1/1)
2024-12-13 14:14:30 - WARNING - words count mismatch on 100.0% of the lines (1/1)
2024-12-13 14:14:30 - WARNING - words count mismatch on 100.0% of the lines (1/1)
2024-12-13 14:14:30 - WARNING - words count mismatch on 100.0% of the lines (1/1)
2024-12-13 14:14:30 - WARNING - words count mismatch on 100.0% of the lines (1/1)
2024-12-13 14:14:30 - WARNING - words count mismatch on 100.0% of the lines (1/1)
2024-12-13 14:14:31 - WARNING - words count mismatch on 100.0% of the lines (1/1)
2024-12-13 14:14:31 - WARNING - words count mismatch on 100.0% of the lines (1/1)
2024-12-13 14:14:31 - WARNING - words count mismatch on 100.0% of the lines (1/1)
2024-12-13 14:14:31 - WARNING - words count mismatch on 100.0% of the lines (1/1)
2024-12-13 14:14:31 - WARNING - words count mismatch on 100.0% of the lines (1/1)
2024-12-13 14:14:31 - WARNING - words count mismatch on 100.0% of the lines (1/1)
2024-12-13 14:14:32 - WARNING - words count mismatch on 100.0% of the lines (1/1)
2024-12-13 14:14:32 - WARNING - words count mismatch on 100.0% of the lines (1/1)
2024-12-13 14:14:32 - WARNING - words count mismatch on 100.0% of the lines (1/1)
2024-12-13 14:14:33 - WARNING - words count mismatch on 100.0% of the lines (1/1)
2024-12-13 14:14:34 - WARNING - words count mismatch on 100.0% of the lines (1/1)
2024-12-13 14:14:35 - WARNING - words count mismatch on 100.0% of the lines (1/1)
2024-12-13 14:14:35 - WARNING - words count mismatch on 100.0% of the lines (1/1)
2024-12-13 14:14:36 - WARNING - words count mismatch on 100.0% of the lines (1/1)
2024-12-13 14:14:36 - WARNING - words count mismatch on 100.0% of the lines (1/1)
2024-12-13 14:14:37 - WARNING - words count mismatch on 100.0% of the lines (1/1)
2024-12-13 14:14:37 - WARNING - words count mismatch on 100.0% of the lines (1/1)
2024-12-13 14:14:38 - WARNING - words count mismatch on 100.0% of the lines (1/1)
2024-12-13 14:14:38 - WARNING - words count mismatch on 100.0% of the lines (1/1)
2024-12-13 14:14:38 - WARNING - words count mismatch on 100.0% of the lines (1/1)
2024-12-13 14:14:39 - WARNING - words count mismatch on 100.0% of the lines (1/1)
2024-12-13 14:14:40 - WARNING - words count mismatch on 100.0% of the lines (1/1)
2024-12-13 14:14:40 - WARNING - words count mismatch on 100.0% of the lines (1/1)
2024-12-13 14:14:40 - WARNING - words count mismatch on 100.0% of the lines (1/1)
2024-12-13 14:14:40 - WARNING - words count mismatch on 100.0% of the lines (1/1)
2024-12-13 14:14:41 - WARNING - words count mismatch on 100.0% of the lines (1/1)
2024-12-13 14:14:41 - WARNING - words count mismatch on 100.0% of the lines (1/1)
2024-12-13 14:14:42 - WARNING - words count mismatch on 100.0% of the lines (1/1)
2024-12-13 14:14:42 - WARNING - words count mismatch on 100.0% of the lines (1/1)
2024-12-13 14:14:43 - WARNING - words count mismatch on 100.0% of the lines (1/1)
2024-12-13 14:14:43 - WARNING - words count mismatch on 100.0% of the lines (1/1)
2024-12-13 14:14:43 - WARNING - words count mismatch on 100.0% of the lines (1/1)
2024-12-13 14:14:44 - WARNING - words count mismatch on 100.0% of the lines (1/1)
2024-12-13 14:14:44 - WARNING - words count mismatch on 100.0% of the lines (1/1)
2024-12-13 14:14:44 - WARNING - words count mismatch on 100.0% of the lines (1/1)
2024-12-13 14:14:45 - WARNING - words count mismatch on 100.0% of the lines (1/1)
2024-12-13 14:14:45 - WARNING - words count mismatch on 100.0% of the lines (1/1)
2024-12-13 14:14:47 - WARNING - words count mismatch on 100.0% of the lines (1/1)
2024-12-13 14:14:48 - WARNING - words count mismatch on 100.0% of the lines (1/1)
2024-12-13 14:14:48 - WARNING - words count mismatch on 100.0% of the lines (1/1)
2024-12-13 14:14:48 - WARNING - words count mismatch on 100.0% of the lines (1/1)
2024-12-13 14:14:49 - WARNING - words count mismatch on 100.0% of the lines (1/1)
2024-12-13 14:14:50 - WARNING - words count mismatch on 100.0% of the lines (1/1)
2024-12-13 14:14:51 - WARNING - words count mismatch on 100.0% of the lines (1/1)
2024-12-13 14:14:51 - WARNING - words count mismatch on 100.0% of the lines (1/1)
2024-12-13 14:14:51 - WARNING - words count mismatch on 100.0% of the lines (1/1)
2024-12-13 14:14:52 - WARNING - words count mismatch on 100.0% of the lines (1/1)
2024-12-13 14:14:52 - WARNING - words count mismatch on 100.0% of the lines (1/1)
2024-12-13 14:14:52 - WARNING - words count mismatch on 100.0% of the lines (1/1)
2024-12-13 14:14:52 - WARNING - words count mismatch on 100.0% of the lines (1/1)
2024-12-13 14:14:53 - WARNING - words count mismatch on 100.0% of the lines (1/1)
2024-12-13 14:14:53 - WARNING - words count mismatch on 100.0% of the lines (1/1)
2024-12-13 14:14:54 - WARNING - words count mismatch on 100.0% of the lines (1/1)
2024-12-13 14:14:54 - WARNING - words count mismatch on 100.0% of the lines (1/1)
2024-12-13 14:14:54 - WARNING - words count mismatch on 100.0% of the lines (1/1)
2024-12-13 14:14:55 - WARNING - words count mismatch on 100.0% of the lines (1/1)
2024-12-13 14:14:55 - WARNING - words count mismatch on 100.0% of the lines (1/1)
2024-12-13 14:14:56 - WARNING - words count mismatch on 100.0% of the lines (1/1)
2024-12-13 14:14:56 - WARNING - words count mismatch on 100.0% of the lines (1/1)
2024-12-13 14:14:56 - WARNING - words count mismatch on 100.0% of the lines (1/1)
2024-12-13 14:14:56 - WARNING - words count mismatch on 100.0% of the lines (1/1)
2024-12-13 14:14:57 - WARNING - words count mismatch on 100.0% of the lines (1/1)
2024-12-13 14:14:57 - WARNING - words count mismatch on 100.0% of the lines (1/1)
2024-12-13 14:14:59 - WARNING - words count mismatch on 100.0% of the lines (1/1)
2024-12-13 14:14:59 - WARNING - words count mismatch on 100.0% of the lines (1/1)
2024-12-13 14:15:00 - WARNING - words count mismatch on 100.0% of the lines (1/1)
2024-12-13 14:15:00 - WARNING - words count mismatch on 100.0% of the lines (1/1)
2024-12-13 14:15:00 - WARNING - words count mismatch on 100.0% of the lines (1/1)
2024-12-13 14:15:00 - WARNING - words count mismatch on 100.0% of the lines (1/1)
2024-12-13 14:15:01 - WARNING - words count mismatch on 100.0% of the lines (1/1)
2024-12-13 14:15:01 - WARNING - words count mismatch on 100.0% of the lines (1/1)
2024-12-13 14:15:01 - WARNING - words count mismatch on 100.0% of the lines (1/1)
2024-12-13 14:15:01 - WARNING - words count mismatch on 100.0% of the lines (1/1)
2024-12-13 14:15:01 - WARNING - words count mismatch on 100.0% of the lines (1/1)
2024-12-13 14:15:01 - WARNING - words count mismatch on 100.0% of the lines (1/1)
2024-12-13 14:15:02 - WARNING - words count mismatch on 100.0% of the lines (1/1)
2024-12-13 14:15:02 - WARNING - words count mismatch on 100.0% of the lines (1/1)
2024-12-13 14:15:02 - WARNING - words count mismatch on 100.0% of the lines (1/1)
2024-12-13 14:15:02 - WARNING - words count mismatch on 100.0% of the lines (1/1)
2024-12-13 14:15:02 - WARNING - words count mismatch on 100.0% of the lines (1/1)
2024-12-13 14:15:02 - WARNING - words count mismatch on 100.0% of the lines (1/1)
2024-12-13 14:15:03 - WARNING - words count mismatch on 100.0% of the lines (1/1)
2024-12-13 14:15:03 - WARNING - words count mismatch on 100.0% of the lines (1/1)
2024-12-13 14:15:03 - WARNING - words count mismatch on 100.0% of the lines (1/1)
2024-12-13 14:15:03 - WARNING - words count mismatch on 100.0% of the lines (1/1)
2024-12-13 14:15:04 - WARNING - words count mismatch on 100.0% of the lines (1/1)
2024-12-13 14:15:04 - WARNING - words count mismatch on 100.0% of the lines (1/1)
2024-12-13 14:15:04 - WARNING - words count mismatch on 100.0% of the lines (1/1)
2024-12-13 14:15:04 - WARNING - words count mismatch on 100.0% of the lines (1/1)
2024-12-13 14:15:04 - WARNING - words count mismatch on 100.0% of the lines (1/1)
2024-12-13 14:15:05 - WARNING - words count mismatch on 100.0% of the lines (1/1)
2024-12-13 14:15:05 - WARNING - words count mismatch on 100.0% of the lines (1/1)
2024-12-13 14:15:05 - WARNING - words count mismatch on 100.0% of the lines (1/1)
2024-12-13 14:15:05 - WARNING - words count mismatch on 100.0% of the lines (1/1)
2024-12-13 14:15:05 - WARNING - words count mismatch on 100.0% of the lines (1/1)
2024-12-13 14:15:06 - WARNING - words count mismatch on 100.0% of the lines (1/1)
2024-12-13 14:15:06 - WARNING - words count mismatch on 100.0% of the lines (1/1)
2024-12-13 14:15:06 - WARNING - words count mismatch on 100.0% of the lines (1/1)
2024-12-13 14:15:06 - WARNING - words count mismatch on 100.0% of the lines (1/1)
2024-12-13 14:15:08 - WARNING - words count mismatch on 100.0% of the lines (1/1)
2024-12-13 14:15:08 - WARNING - words count mismatch on 100.0% of the lines (1/1)
2024-12-13 14:15:09 - WARNING - words count mismatch on 100.0% of the lines (1/1)
2024-12-13 14:15:09 - WARNING - words count mismatch on 100.0% of the lines (1/1)
2024-12-13 14:15:09 - WARNING - words count mismatch on 100.0% of the lines (1/1)
2024-12-13 14:15:09 - WARNING - words count mismatch on 100.0% of the lines (1/1)
2024-12-13 14:15:09 - WARNING - words count mismatch on 100.0% of the lines (1/1)
2024-12-13 14:15:10 - WARNING - words count mismatch on 100.0% of the lines (1/1)
2024-12-13 14:15:10 - WARNING - words count mismatch on 100.0% of the lines (1/1)
2024-12-13 14:15:10 - WARNING - words count mismatch on 100.0% of the lines (1/1)
2024-12-13 14:15:10 - WARNING - words count mismatch on 100.0% of the lines (1/1)
2024-12-13 14:15:10 - WARNING - words count mismatch on 100.0% of the lines (1/1)
2024-12-13 14:15:12 - WARNING - words count mismatch on 100.0% of the lines (1/1)
2024-12-13 14:15:12 - WARNING - words count mismatch on 100.0% of the lines (1/1)
2024-12-13 14:15:13 - WARNING - words count mismatch on 100.0% of the lines (1/1)
2024-12-13 14:15:13 - WARNING - words count mismatch on 100.0% of the lines (1/1)
2024-12-13 14:15:13 - WARNING - words count mismatch on 100.0% of the lines (1/1)
2024-12-13 14:15:14 - WARNING - words count mismatch on 100.0% of the lines (1/1)
2024-12-13 14:15:15 - WARNING - words count mismatch on 100.0% of the lines (1/1)
2024-12-13 14:15:15 - WARNING - words count mismatch on 100.0% of the lines (1/1)
2024-12-13 14:15:15 - WARNING - words count mismatch on 100.0% of the lines (1/1)
2024-12-13 14:15:15 - WARNING - words count mismatch on 100.0% of the lines (1/1)
2024-12-13 14:15:16 - WARNING - words count mismatch on 100.0% of the lines (1/1)
2024-12-13 14:15:16 - WARNING - words count mismatch on 100.0% of the lines (1/1)
2024-12-13 14:15:16 - WARNING - words count mismatch on 100.0% of the lines (1/1)
2024-12-13 14:15:16 - WARNING - words count mismatch on 100.0% of the lines (1/1)
2024-12-13 14:15:17 - WARNING - words count mismatch on 100.0% of the lines (1/1)
2024-12-13 14:15:17 - WARNING - words count mismatch on 100.0% of the lines (1/1)
2024-12-13 14:15:18 - WARNING - words count mismatch on 100.0% of the lines (1/1)
2024-12-13 14:15:18 - WARNING - words count mismatch on 100.0% of the lines (1/1)
2024-12-13 14:15:18 - WARNING - words count mismatch on 100.0% of the lines (1/1)
2024-12-13 14:15:19 - WARNING - words count mismatch on 100.0% of the lines (1/1)
2024-12-13 14:15:19 - WARNING - words count mismatch on 100.0% of the lines (1/1)
2024-12-13 14:15:19 - WARNING - words count mismatch on 100.0% of the lines (1/1)
2024-12-13 14:15:19 - WARNING - words count mismatch on 100.0% of the lines (1/1)
2024-12-13 14:15:20 - WARNING - words count mismatch on 100.0% of the lines (1/1)
2024-12-13 14:15:21 - WARNING - words count mismatch on 100.0% of the lines (1/1)
2024-12-13 14:15:21 - WARNING - words count mismatch on 100.0% of the lines (1/1)
2024-12-13 14:15:21 - WARNING - words count mismatch on 100.0% of the lines (1/1)
2024-12-13 14:15:22 - WARNING - words count mismatch on 100.0% of the lines (1/1)
2024-12-13 14:15:22 - WARNING - words count mismatch on 100.0% of the lines (1/1)
2024-12-13 14:15:22 - WARNING - words count mismatch on 100.0% of the lines (1/1)
2024-12-13 14:15:22 - WARNING - words count mismatch on 100.0% of the lines (1/1)
2024-12-13 14:15:23 - WARNING - words count mismatch on 100.0% of the lines (1/1)
2024-12-13 14:15:24 - WARNING - words count mismatch on 100.0% of the lines (1/1)
2024-12-13 14:15:24 - WARNING - words count mismatch on 100.0% of the lines (1/1)
2024-12-13 14:15:24 - WARNING - words count mismatch on 100.0% of the lines (1/1)
2024-12-13 14:15:25 - WARNING - words count mismatch on 100.0% of the lines (1/1)
2024-12-13 14:15:25 - WARNING - words count mismatch on 100.0% of the lines (1/1)
2024-12-13 14:15:26 - INFO - Data preprocessing completed.
2024-12-13 14:16:42 - INFO - Loading preprocessed dataset...
2024-12-13 14:16:42 - INFO - Dataset loaded with 746 samples and vocabulary size 44.
2024-12-13 14:16:42 - INFO - Clearing all memory caches...
2024-12-13 14:16:43 - INFO - Memory caches cleared.
2024-12-13 14:17:32 - INFO - Logging system initialized
2024-12-13 14:27:07 - INFO - Clearing all memory caches...
2024-12-13 14:27:07 - INFO - Memory caches cleared.
2024-12-13 14:27:07 - INFO - Starting pretraining of a single generator...
2024-12-13 14:52:15 - INFO - Epoch [1/20] Loss D: inf, Loss G: -1154.0000
2024-12-13 14:52:16 - INFO - Checkpoint saved at output/gan_single_check.pth
2024-12-13 15:17:25 - INFO - Epoch [2/20] Loss D: inf, Loss G: -1154.0000
2024-12-13 15:17:26 - INFO - Checkpoint saved at output/gan_single_check.pth
2024-12-13 15:42:35 - INFO - Epoch [3/20] Loss D: nan, Loss G: nan
2024-12-13 15:42:36 - INFO - Checkpoint saved at output/gan_single_check.pth
2024-12-13 16:07:46 - INFO - Epoch [4/20] Loss D: nan, Loss G: nan
2024-12-13 16:07:47 - INFO - Checkpoint saved at output/gan_single_check.pth
2024-12-13 16:32:51 - INFO - Epoch [5/20] Loss D: nan, Loss G: nan
2024-12-13 16:32:52 - INFO - Checkpoint saved at output/gan_single_check.pth
2024-12-13 16:57:59 - INFO - Epoch [6/20] Loss D: nan, Loss G: nan
2024-12-13 16:58:00 - INFO - Checkpoint saved at output/gan_single_check.pth
2024-12-13 17:23:10 - INFO - Epoch [7/20] Loss D: nan, Loss G: nan
2024-12-13 17:23:11 - INFO - Checkpoint saved at output/gan_single_check.pth
2024-12-13 17:48:17 - INFO - Epoch [8/20] Loss D: nan, Loss G: nan
2024-12-13 17:48:18 - INFO - Checkpoint saved at output/gan_single_check.pth
2024-12-13 18:13:20 - INFO - Epoch [9/20] Loss D: nan, Loss G: nan
2024-12-13 18:13:22 - INFO - Checkpoint saved at output/gan_single_check.pth
2024-12-13 18:38:26 - INFO - Epoch [10/20] Loss D: nan, Loss G: nan
2024-12-13 18:38:27 - INFO - Checkpoint saved at output/gan_single_check.pth
2024-12-13 19:03:32 - INFO - Epoch [11/20] Loss D: nan, Loss G: nan
2024-12-13 19:03:34 - INFO - Checkpoint saved at output/gan_single_check.pth
2024-12-13 19:28:36 - INFO - Epoch [12/20] Loss D: nan, Loss G: nan
2024-12-13 19:28:37 - INFO - Checkpoint saved at output/gan_single_check.pth
2024-12-13 19:53:41 - INFO - Epoch [13/20] Loss D: nan, Loss G: nan
2024-12-13 19:53:43 - INFO - Checkpoint saved at output/gan_single_check.pth
2024-12-13 20:18:46 - INFO - Epoch [14/20] Loss D: nan, Loss G: nan
2024-12-13 20:18:48 - INFO - Checkpoint saved at output/gan_single_check.pth
2024-12-13 20:43:52 - INFO - Epoch [15/20] Loss D: nan, Loss G: nan
2024-12-13 20:43:53 - INFO - Checkpoint saved at output/gan_single_check.pth
2024-12-13 21:08:59 - INFO - Epoch [16/20] Loss D: nan, Loss G: nan
2024-12-13 21:09:00 - INFO - Checkpoint saved at output/gan_single_check.pth
2024-12-13 21:34:05 - INFO - Epoch [17/20] Loss D: nan, Loss G: nan
2024-12-13 21:34:06 - INFO - Checkpoint saved at output/gan_single_check.pth
2024-12-13 21:41:33 - ERROR - Task was destroyed but it is pending!
task: <Task pending name='Task-3' coro=<Kernel.poll_control_queue() running at /home/ml/Documents/myenv/lib/python3.12/site-packages/ipykernel/kernelbase.py:304> wait_for=<Future finished result=<Future at 0x...state=pending>> cb=[_chain_future.<locals>._call_set_state() at /usr/lib/python3.12/asyncio/futures.py:394]>
