2024-12-13 14:13:01 - INFO - Logging system initialized
2024-12-13 14:13:09 - INFO - Starting preprocessing of data...
2024-12-13 14:13:09 - WARNING - words count mismatch on 100.0% of the lines (1/1)
2024-12-13 14:13:09 - WARNING - words count mismatch on 100.0% of the lines (1/1)
2024-12-13 14:13:09 - WARNING - words count mismatch on 100.0% of the lines (1/1)
2024-12-13 14:13:09 - WARNING - words count mismatch on 100.0% of the lines (1/1)
2024-12-13 14:13:09 - WARNING - words count mismatch on 100.0% of the lines (1/1)
2024-12-13 14:13:09 - WARNING - words count mismatch on 100.0% of the lines (1/1)
2024-12-13 14:13:09 - WARNING - words count mismatch on 100.0% of the lines (1/1)
2024-12-13 14:13:10 - WARNING - words count mismatch on 100.0% of the lines (1/1)
2024-12-13 14:13:10 - WARNING - words count mismatch on 100.0% of the lines (1/1)
2024-12-13 14:13:10 - WARNING - words count mismatch on 100.0% of the lines (1/1)
2024-12-13 14:13:10 - WARNING - words count mismatch on 100.0% of the lines (1/1)
2024-12-13 14:13:10 - WARNING - words count mismatch on 100.0% of the lines (1/1)
2024-12-13 14:13:10 - WARNING - words count mismatch on 100.0% of the lines (1/1)
2024-12-13 14:13:10 - WARNING - words count mismatch on 100.0% of the lines (1/1)
2024-12-13 14:13:10 - WARNING - words count mismatch on 100.0% of the lines (1/1)
2024-12-13 14:13:10 - WARNING - words count mismatch on 100.0% of the lines (1/1)
2024-12-13 14:13:10 - WARNING - words count mismatch on 100.0% of the lines (1/1)
2024-12-13 14:13:10 - WARNING - words count mismatch on 100.0% of the lines (1/1)
2024-12-13 14:13:10 - WARNING - words count mismatch on 100.0% of the lines (1/1)
2024-12-13 14:13:10 - WARNING - words count mismatch on 100.0% of the lines (1/1)
2024-12-13 14:13:10 - WARNING - words count mismatch on 100.0% of the lines (1/1)
2024-12-13 14:13:10 - WARNING - words count mismatch on 100.0% of the lines (1/1)
2024-12-13 14:13:10 - WARNING - words count mismatch on 100.0% of the lines (1/1)
2024-12-13 14:13:10 - WARNING - words count mismatch on 100.0% of the lines (1/1)
2024-12-13 14:13:10 - WARNING - words count mismatch on 100.0% of the lines (1/1)
2024-12-13 14:13:10 - WARNING - words count mismatch on 100.0% of the lines (1/1)
2024-12-13 14:13:11 - WARNING - words count mismatch on 100.0% of the lines (1/1)
2024-12-13 14:13:11 - WARNING - words count mismatch on 100.0% of the lines (1/1)
2024-12-13 14:13:11 - WARNING - words count mismatch on 100.0% of the lines (1/1)
2024-12-13 14:13:11 - WARNING - words count mismatch on 100.0% of the lines (1/1)
2024-12-13 14:13:11 - WARNING - words count mismatch on 100.0% of the lines (1/1)
2024-12-13 14:13:11 - WARNING - words count mismatch on 100.0% of the lines (1/1)
2024-12-13 14:13:11 - WARNING - words count mismatch on 100.0% of the lines (1/1)
2024-12-13 14:13:11 - WARNING - words count mismatch on 100.0% of the lines (1/1)
2024-12-13 14:13:11 - WARNING - words count mismatch on 100.0% of the lines (1/1)
2024-12-13 14:13:11 - WARNING - words count mismatch on 100.0% of the lines (1/1)
2024-12-13 14:13:11 - WARNING - words count mismatch on 100.0% of the lines (1/1)
2024-12-13 14:13:11 - WARNING - words count mismatch on 100.0% of the lines (1/1)
2024-12-13 14:13:11 - WARNING - words count mismatch on 100.0% of the lines (1/1)
2024-12-13 14:13:12 - WARNING - words count mismatch on 100.0% of the lines (1/1)
2024-12-13 14:13:12 - WARNING - words count mismatch on 100.0% of the lines (1/1)
2024-12-13 14:13:12 - WARNING - words count mismatch on 100.0% of the lines (1/1)
2024-12-13 14:13:12 - WARNING - words count mismatch on 100.0% of the lines (1/1)
2024-12-13 14:13:12 - WARNING - words count mismatch on 100.0% of the lines (1/1)
2024-12-13 14:13:12 - WARNING - words count mismatch on 100.0% of the lines (1/1)
2024-12-13 14:13:12 - WARNING - words count mismatch on 100.0% of the lines (1/1)
2024-12-13 14:13:12 - WARNING - words count mismatch on 100.0% of the lines (1/1)
2024-12-13 14:13:12 - WARNING - words count mismatch on 100.0% of the lines (1/1)
2024-12-13 14:13:12 - WARNING - words count mismatch on 100.0% of the lines (1/1)
2024-12-13 14:13:12 - WARNING - words count mismatch on 100.0% of the lines (1/1)
2024-12-13 14:13:12 - WARNING - words count mismatch on 100.0% of the lines (1/1)
2024-12-13 14:13:12 - WARNING - words count mismatch on 100.0% of the lines (1/1)
2024-12-13 14:13:12 - WARNING - words count mismatch on 100.0% of the lines (1/1)
2024-12-13 14:13:12 - WARNING - words count mismatch on 100.0% of the lines (1/1)
2024-12-13 14:13:12 - WARNING - words count mismatch on 100.0% of the lines (1/1)
2024-12-13 14:13:12 - WARNING - words count mismatch on 100.0% of the lines (1/1)
2024-12-13 14:13:12 - WARNING - words count mismatch on 100.0% of the lines (1/1)
2024-12-13 14:13:12 - WARNING - words count mismatch on 100.0% of the lines (1/1)
2024-12-13 14:13:13 - WARNING - words count mismatch on 100.0% of the lines (1/1)
2024-12-13 14:13:13 - WARNING - words count mismatch on 100.0% of the lines (1/1)
2024-12-13 14:13:13 - WARNING - words count mismatch on 100.0% of the lines (1/1)
2024-12-13 14:13:13 - WARNING - words count mismatch on 100.0% of the lines (1/1)
2024-12-13 14:13:13 - WARNING - words count mismatch on 100.0% of the lines (1/1)
2024-12-13 14:13:13 - WARNING - words count mismatch on 100.0% of the lines (1/1)
2024-12-13 14:13:13 - WARNING - words count mismatch on 100.0% of the lines (1/1)
2024-12-13 14:13:13 - WARNING - words count mismatch on 100.0% of the lines (1/1)
2024-12-13 14:13:13 - WARNING - words count mismatch on 100.0% of the lines (1/1)
2024-12-13 14:13:13 - WARNING - words count mismatch on 100.0% of the lines (1/1)
2024-12-13 14:13:13 - WARNING - words count mismatch on 100.0% of the lines (1/1)
2024-12-13 14:13:13 - WARNING - words count mismatch on 100.0% of the lines (1/1)
2024-12-13 14:13:13 - WARNING - words count mismatch on 100.0% of the lines (1/1)
2024-12-13 14:13:13 - WARNING - words count mismatch on 100.0% of the lines (1/1)
2024-12-13 14:13:13 - WARNING - words count mismatch on 100.0% of the lines (1/1)
2024-12-13 14:13:14 - WARNING - words count mismatch on 100.0% of the lines (1/1)
2024-12-13 14:13:14 - WARNING - words count mismatch on 100.0% of the lines (1/1)
2024-12-13 14:13:14 - WARNING - words count mismatch on 100.0% of the lines (1/1)
2024-12-13 14:13:14 - WARNING - words count mismatch on 100.0% of the lines (1/1)
2024-12-13 14:13:14 - WARNING - words count mismatch on 100.0% of the lines (1/1)
2024-12-13 14:13:14 - WARNING - words count mismatch on 100.0% of the lines (1/1)
2024-12-13 14:13:14 - WARNING - words count mismatch on 100.0% of the lines (1/1)
2024-12-13 14:13:14 - WARNING - words count mismatch on 100.0% of the lines (1/1)
2024-12-13 14:13:14 - WARNING - words count mismatch on 100.0% of the lines (1/1)
2024-12-13 14:13:14 - INFO - Error processing ./data_small/LibriSpeech/LibriSpeech/dev-clean/2412/153947/2412-153947-0001.flac: No transcription file found in ./data_small/LibriSpeech/LibriSpeech/dev-clean/2412/153947
2024-12-13 14:13:14 - INFO - Error processing ./data_small/LibriSpeech/LibriSpeech/dev-clean/2412/153947/2412-153947-0000.flac: No transcription file found in ./data_small/LibriSpeech/LibriSpeech/dev-clean/2412/153947
2024-12-13 14:13:14 - WARNING - words count mismatch on 100.0% of the lines (1/1)
2024-12-13 14:13:14 - WARNING - words count mismatch on 100.0% of the lines (1/1)
2024-12-13 14:13:14 - WARNING - words count mismatch on 100.0% of the lines (1/1)
2024-12-13 14:13:14 - WARNING - words count mismatch on 100.0% of the lines (1/1)
2024-12-13 14:13:15 - WARNING - words count mismatch on 100.0% of the lines (1/1)
2024-12-13 14:13:15 - WARNING - words count mismatch on 100.0% of the lines (1/1)
2024-12-13 14:13:15 - WARNING - words count mismatch on 100.0% of the lines (1/1)
2024-12-13 14:13:15 - WARNING - words count mismatch on 100.0% of the lines (1/1)
2024-12-13 14:13:15 - WARNING - words count mismatch on 100.0% of the lines (1/1)
2024-12-13 14:13:15 - WARNING - words count mismatch on 100.0% of the lines (1/1)
2024-12-13 14:13:15 - WARNING - words count mismatch on 100.0% of the lines (1/1)
2024-12-13 14:13:15 - WARNING - words count mismatch on 100.0% of the lines (1/1)
2024-12-13 14:13:15 - WARNING - words count mismatch on 100.0% of the lines (1/1)
2024-12-13 14:13:15 - WARNING - words count mismatch on 100.0% of the lines (1/1)
2024-12-13 14:13:15 - WARNING - words count mismatch on 100.0% of the lines (1/1)
2024-12-13 14:13:15 - WARNING - words count mismatch on 100.0% of the lines (1/1)
2024-12-13 14:13:15 - WARNING - words count mismatch on 100.0% of the lines (1/1)
2024-12-13 14:13:15 - WARNING - words count mismatch on 100.0% of the lines (1/1)
2024-12-13 14:13:15 - WARNING - words count mismatch on 100.0% of the lines (1/1)
2024-12-13 14:13:15 - WARNING - words count mismatch on 100.0% of the lines (1/1)
2024-12-13 14:13:15 - WARNING - words count mismatch on 100.0% of the lines (1/1)
2024-12-13 14:13:15 - WARNING - words count mismatch on 100.0% of the lines (1/1)
2024-12-13 14:13:15 - WARNING - words count mismatch on 100.0% of the lines (1/1)
2024-12-13 14:13:16 - WARNING - words count mismatch on 100.0% of the lines (1/1)
2024-12-13 14:13:16 - WARNING - words count mismatch on 100.0% of the lines (1/1)
2024-12-13 14:13:16 - WARNING - words count mismatch on 100.0% of the lines (1/1)
2024-12-13 14:13:16 - WARNING - words count mismatch on 100.0% of the lines (1/1)
2024-12-13 14:13:16 - WARNING - words count mismatch on 100.0% of the lines (1/1)
2024-12-13 14:13:16 - WARNING - words count mismatch on 100.0% of the lines (1/1)
2024-12-13 14:13:16 - WARNING - words count mismatch on 100.0% of the lines (1/1)
2024-12-13 14:13:16 - WARNING - words count mismatch on 100.0% of the lines (1/1)
2024-12-13 14:13:16 - WARNING - words count mismatch on 100.0% of the lines (1/1)
2024-12-13 14:13:16 - WARNING - words count mismatch on 100.0% of the lines (1/1)
2024-12-13 14:13:16 - WARNING - words count mismatch on 100.0% of the lines (1/1)
2024-12-13 14:13:17 - WARNING - words count mismatch on 100.0% of the lines (1/1)
2024-12-13 14:13:17 - WARNING - words count mismatch on 100.0% of the lines (1/1)
2024-12-13 14:13:17 - WARNING - words count mismatch on 100.0% of the lines (1/1)
2024-12-13 14:13:17 - WARNING - words count mismatch on 100.0% of the lines (1/1)
2024-12-13 14:13:17 - WARNING - words count mismatch on 100.0% of the lines (1/1)
2024-12-13 14:13:17 - WARNING - words count mismatch on 100.0% of the lines (1/1)
2024-12-13 14:13:17 - WARNING - words count mismatch on 100.0% of the lines (1/1)
2024-12-13 14:13:17 - WARNING - words count mismatch on 100.0% of the lines (1/1)
2024-12-13 14:13:17 - WARNING - words count mismatch on 100.0% of the lines (1/1)
2024-12-13 14:13:17 - WARNING - words count mismatch on 100.0% of the lines (1/1)
2024-12-13 14:13:17 - WARNING - words count mismatch on 100.0% of the lines (1/1)
2024-12-13 14:13:17 - WARNING - words count mismatch on 100.0% of the lines (1/1)
2024-12-13 14:13:18 - WARNING - words count mismatch on 100.0% of the lines (1/1)
2024-12-13 14:13:18 - WARNING - words count mismatch on 100.0% of the lines (1/1)
2024-12-13 14:13:18 - WARNING - words count mismatch on 100.0% of the lines (1/1)
2024-12-13 14:13:18 - WARNING - words count mismatch on 100.0% of the lines (1/1)
2024-12-13 14:13:18 - WARNING - words count mismatch on 100.0% of the lines (1/1)
2024-12-13 14:13:18 - WARNING - words count mismatch on 100.0% of the lines (1/1)
2024-12-13 14:13:18 - WARNING - words count mismatch on 100.0% of the lines (1/1)
2024-12-13 14:13:18 - WARNING - words count mismatch on 100.0% of the lines (1/1)
2024-12-13 14:13:18 - WARNING - words count mismatch on 100.0% of the lines (1/1)
2024-12-13 14:13:18 - WARNING - words count mismatch on 100.0% of the lines (1/1)
2024-12-13 14:13:18 - WARNING - words count mismatch on 100.0% of the lines (1/1)
2024-12-13 14:13:18 - WARNING - words count mismatch on 100.0% of the lines (1/1)
2024-12-13 14:13:18 - WARNING - words count mismatch on 100.0% of the lines (1/1)
2024-12-13 14:13:18 - WARNING - words count mismatch on 100.0% of the lines (1/1)
2024-12-13 14:13:18 - WARNING - words count mismatch on 100.0% of the lines (1/1)
2024-12-13 14:13:18 - WARNING - words count mismatch on 100.0% of the lines (1/1)
2024-12-13 14:13:18 - WARNING - words count mismatch on 100.0% of the lines (1/1)
2024-12-13 14:13:19 - WARNING - words count mismatch on 100.0% of the lines (1/1)
2024-12-13 14:13:19 - WARNING - words count mismatch on 100.0% of the lines (1/1)
2024-12-13 14:13:19 - WARNING - words count mismatch on 100.0% of the lines (1/1)
2024-12-13 14:13:19 - WARNING - words count mismatch on 100.0% of the lines (1/1)
2024-12-13 14:13:19 - WARNING - words count mismatch on 100.0% of the lines (1/1)
2024-12-13 14:13:19 - WARNING - words count mismatch on 100.0% of the lines (1/1)
2024-12-13 14:13:19 - WARNING - words count mismatch on 100.0% of the lines (1/1)
2024-12-13 14:13:19 - WARNING - words count mismatch on 100.0% of the lines (1/1)
2024-12-13 14:13:19 - WARNING - words count mismatch on 100.0% of the lines (1/1)
2024-12-13 14:13:19 - WARNING - words count mismatch on 100.0% of the lines (1/1)
2024-12-13 14:13:19 - WARNING - words count mismatch on 100.0% of the lines (1/1)
2024-12-13 14:13:19 - WARNING - words count mismatch on 100.0% of the lines (1/1)
2024-12-13 14:13:19 - WARNING - words count mismatch on 100.0% of the lines (1/1)
2024-12-13 14:13:19 - WARNING - words count mismatch on 100.0% of the lines (1/1)
2024-12-13 14:13:19 - WARNING - words count mismatch on 100.0% of the lines (1/1)
2024-12-13 14:13:19 - WARNING - words count mismatch on 100.0% of the lines (1/1)
2024-12-13 14:13:19 - WARNING - words count mismatch on 100.0% of the lines (1/1)
2024-12-13 14:13:19 - WARNING - words count mismatch on 100.0% of the lines (1/1)
2024-12-13 14:13:19 - WARNING - words count mismatch on 100.0% of the lines (1/1)
2024-12-13 14:13:19 - WARNING - words count mismatch on 100.0% of the lines (1/1)
2024-12-13 14:13:19 - WARNING - words count mismatch on 100.0% of the lines (1/1)
2024-12-13 14:13:20 - WARNING - words count mismatch on 100.0% of the lines (1/1)
2024-12-13 14:13:20 - WARNING - words count mismatch on 100.0% of the lines (1/1)
2024-12-13 14:13:20 - WARNING - words count mismatch on 100.0% of the lines (1/1)
2024-12-13 14:13:20 - WARNING - words count mismatch on 100.0% of the lines (1/1)
2024-12-13 14:13:20 - WARNING - words count mismatch on 100.0% of the lines (1/1)
2024-12-13 14:13:20 - WARNING - words count mismatch on 100.0% of the lines (1/1)
2024-12-13 14:13:20 - WARNING - words count mismatch on 100.0% of the lines (1/1)
2024-12-13 14:13:20 - WARNING - words count mismatch on 100.0% of the lines (1/1)
2024-12-13 14:13:20 - WARNING - words count mismatch on 100.0% of the lines (1/1)
2024-12-13 14:13:20 - WARNING - words count mismatch on 100.0% of the lines (1/1)
2024-12-13 14:13:20 - WARNING - words count mismatch on 100.0% of the lines (1/1)
2024-12-13 14:13:20 - WARNING - words count mismatch on 100.0% of the lines (1/1)
2024-12-13 14:13:20 - WARNING - words count mismatch on 100.0% of the lines (1/1)
2024-12-13 14:13:20 - WARNING - words count mismatch on 100.0% of the lines (1/1)
2024-12-13 14:13:20 - WARNING - words count mismatch on 100.0% of the lines (1/1)
2024-12-13 14:13:20 - WARNING - words count mismatch on 100.0% of the lines (1/1)
2024-12-13 14:13:21 - WARNING - words count mismatch on 100.0% of the lines (1/1)
2024-12-13 14:13:21 - WARNING - words count mismatch on 100.0% of the lines (1/1)
2024-12-13 14:13:21 - WARNING - words count mismatch on 100.0% of the lines (1/1)
2024-12-13 14:13:21 - WARNING - words count mismatch on 100.0% of the lines (1/1)
2024-12-13 14:13:21 - WARNING - words count mismatch on 100.0% of the lines (1/1)
2024-12-13 14:13:21 - WARNING - words count mismatch on 100.0% of the lines (1/1)
2024-12-13 14:13:21 - WARNING - words count mismatch on 100.0% of the lines (1/1)
2024-12-13 14:13:21 - WARNING - words count mismatch on 100.0% of the lines (1/1)
2024-12-13 14:13:21 - WARNING - words count mismatch on 100.0% of the lines (1/1)
2024-12-13 14:13:21 - WARNING - words count mismatch on 100.0% of the lines (1/1)
2024-12-13 14:13:21 - WARNING - words count mismatch on 100.0% of the lines (1/1)
2024-12-13 14:13:21 - WARNING - words count mismatch on 100.0% of the lines (1/1)
2024-12-13 14:13:21 - WARNING - words count mismatch on 100.0% of the lines (1/1)
2024-12-13 14:13:22 - WARNING - words count mismatch on 100.0% of the lines (1/1)
2024-12-13 14:13:22 - WARNING - words count mismatch on 100.0% of the lines (1/1)
2024-12-13 14:13:22 - WARNING - words count mismatch on 100.0% of the lines (1/1)
2024-12-13 14:13:22 - WARNING - words count mismatch on 100.0% of the lines (1/1)
2024-12-13 14:13:22 - WARNING - words count mismatch on 100.0% of the lines (1/1)
2024-12-13 14:13:22 - WARNING - words count mismatch on 100.0% of the lines (1/1)
2024-12-13 14:13:22 - WARNING - words count mismatch on 100.0% of the lines (1/1)
2024-12-13 14:13:22 - WARNING - words count mismatch on 100.0% of the lines (1/1)
2024-12-13 14:13:22 - WARNING - words count mismatch on 100.0% of the lines (1/1)
2024-12-13 14:13:22 - WARNING - words count mismatch on 100.0% of the lines (1/1)
2024-12-13 14:13:22 - WARNING - words count mismatch on 100.0% of the lines (1/1)
2024-12-13 14:13:22 - WARNING - words count mismatch on 100.0% of the lines (1/1)
2024-12-13 14:13:22 - WARNING - words count mismatch on 100.0% of the lines (1/1)
2024-12-13 14:13:22 - WARNING - words count mismatch on 100.0% of the lines (1/1)
2024-12-13 14:13:22 - WARNING - words count mismatch on 100.0% of the lines (1/1)
2024-12-13 14:13:22 - WARNING - words count mismatch on 100.0% of the lines (1/1)
2024-12-13 14:13:23 - WARNING - words count mismatch on 100.0% of the lines (1/1)
2024-12-13 14:13:23 - WARNING - words count mismatch on 100.0% of the lines (1/1)
2024-12-13 14:13:23 - WARNING - words count mismatch on 100.0% of the lines (1/1)
2024-12-13 14:13:23 - WARNING - words count mismatch on 100.0% of the lines (1/1)
2024-12-13 14:13:23 - WARNING - words count mismatch on 100.0% of the lines (1/1)
2024-12-13 14:13:23 - WARNING - words count mismatch on 100.0% of the lines (1/1)
2024-12-13 14:13:23 - WARNING - words count mismatch on 100.0% of the lines (1/1)
2024-12-13 14:13:23 - WARNING - words count mismatch on 100.0% of the lines (1/1)
2024-12-13 14:13:23 - WARNING - words count mismatch on 100.0% of the lines (1/1)
2024-12-13 14:13:23 - WARNING - words count mismatch on 100.0% of the lines (1/1)
2024-12-13 14:13:23 - WARNING - words count mismatch on 100.0% of the lines (1/1)
2024-12-13 14:13:23 - WARNING - words count mismatch on 100.0% of the lines (1/1)
2024-12-13 14:13:23 - WARNING - words count mismatch on 100.0% of the lines (1/1)
2024-12-13 14:13:23 - WARNING - words count mismatch on 100.0% of the lines (1/1)
2024-12-13 14:13:23 - WARNING - words count mismatch on 100.0% of the lines (1/1)
2024-12-13 14:13:23 - WARNING - words count mismatch on 100.0% of the lines (1/1)
2024-12-13 14:13:24 - WARNING - words count mismatch on 100.0% of the lines (1/1)
2024-12-13 14:13:24 - WARNING - words count mismatch on 100.0% of the lines (1/1)
2024-12-13 14:13:24 - WARNING - words count mismatch on 100.0% of the lines (1/1)
2024-12-13 14:13:24 - WARNING - words count mismatch on 100.0% of the lines (1/1)
2024-12-13 14:13:24 - WARNING - words count mismatch on 100.0% of the lines (1/1)
2024-12-13 14:13:24 - WARNING - words count mismatch on 100.0% of the lines (1/1)
2024-12-13 14:13:24 - WARNING - words count mismatch on 100.0% of the lines (1/1)
2024-12-13 14:13:24 - WARNING - words count mismatch on 100.0% of the lines (1/1)
2024-12-13 14:13:24 - WARNING - words count mismatch on 100.0% of the lines (1/1)
2024-12-13 14:13:24 - WARNING - words count mismatch on 100.0% of the lines (1/1)
2024-12-13 14:13:24 - WARNING - words count mismatch on 100.0% of the lines (1/1)
2024-12-13 14:13:24 - WARNING - words count mismatch on 100.0% of the lines (1/1)
2024-12-13 14:13:24 - WARNING - words count mismatch on 100.0% of the lines (1/1)
2024-12-13 14:13:24 - WARNING - words count mismatch on 100.0% of the lines (1/1)
2024-12-13 14:13:24 - WARNING - words count mismatch on 100.0% of the lines (1/1)
2024-12-13 14:13:24 - WARNING - words count mismatch on 100.0% of the lines (1/1)
2024-12-13 14:13:24 - WARNING - words count mismatch on 100.0% of the lines (1/1)
2024-12-13 14:13:24 - WARNING - words count mismatch on 100.0% of the lines (1/1)
2024-12-13 14:13:24 - WARNING - words count mismatch on 100.0% of the lines (1/1)
2024-12-13 14:13:24 - WARNING - words count mismatch on 100.0% of the lines (1/1)
2024-12-13 14:13:24 - WARNING - words count mismatch on 100.0% of the lines (1/1)
2024-12-13 14:13:24 - WARNING - words count mismatch on 100.0% of the lines (1/1)
2024-12-13 14:13:24 - WARNING - words count mismatch on 100.0% of the lines (1/1)
2024-12-13 14:13:24 - WARNING - words count mismatch on 100.0% of the lines (1/1)
2024-12-13 14:13:24 - WARNING - words count mismatch on 100.0% of the lines (1/1)
2024-12-13 14:13:24 - WARNING - words count mismatch on 100.0% of the lines (1/1)
2024-12-13 14:13:24 - WARNING - words count mismatch on 100.0% of the lines (1/1)
2024-12-13 14:13:25 - WARNING - words count mismatch on 100.0% of the lines (1/1)
2024-12-13 14:13:25 - WARNING - words count mismatch on 100.0% of the lines (1/1)
2024-12-13 14:13:25 - WARNING - words count mismatch on 100.0% of the lines (1/1)
2024-12-13 14:13:25 - WARNING - words count mismatch on 100.0% of the lines (1/1)
2024-12-13 14:13:25 - WARNING - words count mismatch on 100.0% of the lines (1/1)
2024-12-13 14:13:25 - WARNING - words count mismatch on 100.0% of the lines (1/1)
2024-12-13 14:13:25 - WARNING - words count mismatch on 100.0% of the lines (1/1)
2024-12-13 14:13:25 - WARNING - words count mismatch on 100.0% of the lines (1/1)
2024-12-13 14:13:25 - WARNING - words count mismatch on 100.0% of the lines (1/1)
2024-12-13 14:13:25 - WARNING - words count mismatch on 100.0% of the lines (1/1)
2024-12-13 14:13:25 - WARNING - words count mismatch on 100.0% of the lines (1/1)
2024-12-13 14:13:25 - WARNING - words count mismatch on 100.0% of the lines (1/1)
2024-12-13 14:13:25 - WARNING - words count mismatch on 100.0% of the lines (1/1)
2024-12-13 14:13:25 - WARNING - words count mismatch on 100.0% of the lines (1/1)
2024-12-13 14:13:25 - WARNING - words count mismatch on 100.0% of the lines (1/1)
2024-12-13 14:13:25 - WARNING - words count mismatch on 100.0% of the lines (1/1)
2024-12-13 14:13:25 - WARNING - words count mismatch on 100.0% of the lines (1/1)
2024-12-13 14:13:26 - WARNING - words count mismatch on 100.0% of the lines (1/1)
2024-12-13 14:13:26 - WARNING - words count mismatch on 100.0% of the lines (1/1)
2024-12-13 14:13:26 - WARNING - words count mismatch on 100.0% of the lines (1/1)
2024-12-13 14:13:26 - WARNING - words count mismatch on 100.0% of the lines (1/1)
2024-12-13 14:13:26 - WARNING - words count mismatch on 100.0% of the lines (1/1)
2024-12-13 14:13:26 - WARNING - words count mismatch on 100.0% of the lines (1/1)
2024-12-13 14:13:26 - WARNING - words count mismatch on 100.0% of the lines (1/1)
2024-12-13 14:13:26 - WARNING - words count mismatch on 100.0% of the lines (1/1)
2024-12-13 14:13:26 - WARNING - words count mismatch on 100.0% of the lines (1/1)
2024-12-13 14:13:26 - WARNING - words count mismatch on 100.0% of the lines (1/1)
2024-12-13 14:13:26 - WARNING - words count mismatch on 100.0% of the lines (1/1)
2024-12-13 14:13:26 - WARNING - words count mismatch on 100.0% of the lines (1/1)
2024-12-13 14:13:26 - WARNING - words count mismatch on 100.0% of the lines (1/1)
2024-12-13 14:13:26 - WARNING - words count mismatch on 100.0% of the lines (1/1)
2024-12-13 14:13:26 - WARNING - words count mismatch on 100.0% of the lines (1/1)
2024-12-13 14:13:26 - WARNING - words count mismatch on 100.0% of the lines (1/1)
2024-12-13 14:13:26 - WARNING - words count mismatch on 100.0% of the lines (1/1)
2024-12-13 14:13:26 - WARNING - words count mismatch on 100.0% of the lines (1/1)
2024-12-13 14:13:26 - WARNING - words count mismatch on 100.0% of the lines (1/1)
2024-12-13 14:13:26 - WARNING - words count mismatch on 100.0% of the lines (1/1)
2024-12-13 14:13:27 - WARNING - words count mismatch on 100.0% of the lines (1/1)
2024-12-13 14:13:27 - WARNING - words count mismatch on 100.0% of the lines (1/1)
2024-12-13 14:13:27 - WARNING - words count mismatch on 100.0% of the lines (1/1)
2024-12-13 14:13:27 - WARNING - words count mismatch on 100.0% of the lines (1/1)
2024-12-13 14:13:27 - WARNING - words count mismatch on 100.0% of the lines (1/1)
2024-12-13 14:13:27 - WARNING - words count mismatch on 100.0% of the lines (1/1)
2024-12-13 14:13:27 - WARNING - words count mismatch on 100.0% of the lines (1/1)
2024-12-13 14:13:27 - WARNING - words count mismatch on 100.0% of the lines (1/1)
2024-12-13 14:13:27 - WARNING - words count mismatch on 100.0% of the lines (1/1)
2024-12-13 14:13:27 - WARNING - words count mismatch on 100.0% of the lines (1/1)
2024-12-13 14:13:27 - WARNING - words count mismatch on 100.0% of the lines (1/1)
2024-12-13 14:13:27 - INFO - Phoneme vocabulary size: 44
2024-12-13 14:13:28 - WARNING - words count mismatch on 100.0% of the lines (1/1)
2024-12-13 14:13:29 - WARNING - words count mismatch on 100.0% of the lines (1/1)
2024-12-13 14:13:29 - WARNING - words count mismatch on 100.0% of the lines (1/1)
2024-12-13 14:13:29 - WARNING - words count mismatch on 100.0% of the lines (1/1)
2024-12-13 14:13:29 - WARNING - words count mismatch on 100.0% of the lines (1/1)
2024-12-13 14:13:29 - WARNING - words count mismatch on 100.0% of the lines (1/1)
2024-12-13 14:13:30 - WARNING - words count mismatch on 100.0% of the lines (1/1)
2024-12-13 14:13:31 - WARNING - words count mismatch on 100.0% of the lines (1/1)
2024-12-13 14:13:31 - WARNING - words count mismatch on 100.0% of the lines (1/1)
2024-12-13 14:13:31 - WARNING - words count mismatch on 100.0% of the lines (1/1)
2024-12-13 14:13:32 - WARNING - words count mismatch on 100.0% of the lines (1/1)
2024-12-13 14:13:32 - WARNING - words count mismatch on 100.0% of the lines (1/1)
2024-12-13 14:13:32 - WARNING - words count mismatch on 100.0% of the lines (1/1)
2024-12-13 14:13:33 - WARNING - words count mismatch on 100.0% of the lines (1/1)
2024-12-13 14:13:33 - WARNING - words count mismatch on 100.0% of the lines (1/1)
2024-12-13 14:13:33 - WARNING - words count mismatch on 100.0% of the lines (1/1)
2024-12-13 14:13:33 - WARNING - words count mismatch on 100.0% of the lines (1/1)
2024-12-13 14:13:33 - WARNING - words count mismatch on 100.0% of the lines (1/1)
2024-12-13 14:13:34 - WARNING - words count mismatch on 100.0% of the lines (1/1)
2024-12-13 14:13:34 - WARNING - words count mismatch on 100.0% of the lines (1/1)
2024-12-13 14:13:34 - WARNING - words count mismatch on 100.0% of the lines (1/1)
2024-12-13 14:13:34 - WARNING - words count mismatch on 100.0% of the lines (1/1)
2024-12-13 14:13:34 - WARNING - words count mismatch on 100.0% of the lines (1/1)
2024-12-13 14:13:35 - WARNING - words count mismatch on 100.0% of the lines (1/1)
2024-12-13 14:13:36 - WARNING - words count mismatch on 100.0% of the lines (1/1)
2024-12-13 14:13:36 - WARNING - words count mismatch on 100.0% of the lines (1/1)
2024-12-13 14:13:36 - WARNING - words count mismatch on 100.0% of the lines (1/1)
2024-12-13 14:13:37 - WARNING - words count mismatch on 100.0% of the lines (1/1)
2024-12-13 14:13:37 - WARNING - words count mismatch on 100.0% of the lines (1/1)
2024-12-13 14:13:38 - WARNING - words count mismatch on 100.0% of the lines (1/1)
2024-12-13 14:13:39 - WARNING - words count mismatch on 100.0% of the lines (1/1)
2024-12-13 14:13:39 - WARNING - words count mismatch on 100.0% of the lines (1/1)
2024-12-13 14:13:39 - WARNING - words count mismatch on 100.0% of the lines (1/1)
2024-12-13 14:13:39 - WARNING - words count mismatch on 100.0% of the lines (1/1)
2024-12-13 14:13:40 - WARNING - words count mismatch on 100.0% of the lines (1/1)
2024-12-13 14:13:40 - WARNING - words count mismatch on 100.0% of the lines (1/1)
2024-12-13 14:13:40 - WARNING - words count mismatch on 100.0% of the lines (1/1)
2024-12-13 14:13:41 - WARNING - words count mismatch on 100.0% of the lines (1/1)
2024-12-13 14:13:43 - WARNING - words count mismatch on 100.0% of the lines (1/1)
2024-12-13 14:13:43 - WARNING - words count mismatch on 100.0% of the lines (1/1)
2024-12-13 14:13:43 - WARNING - words count mismatch on 100.0% of the lines (1/1)
2024-12-13 14:13:44 - WARNING - words count mismatch on 100.0% of the lines (1/1)
2024-12-13 14:13:44 - WARNING - words count mismatch on 100.0% of the lines (1/1)
2024-12-13 14:13:45 - WARNING - words count mismatch on 100.0% of the lines (1/1)
2024-12-13 14:13:45 - WARNING - words count mismatch on 100.0% of the lines (1/1)
2024-12-13 14:13:46 - WARNING - words count mismatch on 100.0% of the lines (1/1)
2024-12-13 14:13:47 - WARNING - words count mismatch on 100.0% of the lines (1/1)
2024-12-13 14:13:47 - WARNING - words count mismatch on 100.0% of the lines (1/1)
2024-12-13 14:13:47 - WARNING - words count mismatch on 100.0% of the lines (1/1)
2024-12-13 14:13:47 - WARNING - words count mismatch on 100.0% of the lines (1/1)
2024-12-13 14:13:48 - WARNING - words count mismatch on 100.0% of the lines (1/1)
2024-12-13 14:13:48 - WARNING - words count mismatch on 100.0% of the lines (1/1)
2024-12-13 14:13:48 - WARNING - words count mismatch on 100.0% of the lines (1/1)
2024-12-13 14:13:48 - WARNING - words count mismatch on 100.0% of the lines (1/1)
2024-12-13 14:13:48 - WARNING - words count mismatch on 100.0% of the lines (1/1)
2024-12-13 14:13:48 - WARNING - words count mismatch on 100.0% of the lines (1/1)
2024-12-13 14:13:49 - WARNING - words count mismatch on 100.0% of the lines (1/1)
2024-12-13 14:13:49 - WARNING - words count mismatch on 100.0% of the lines (1/1)
2024-12-13 14:13:49 - WARNING - words count mismatch on 100.0% of the lines (1/1)
2024-12-13 14:13:50 - WARNING - words count mismatch on 100.0% of the lines (1/1)
2024-12-13 14:13:50 - WARNING - words count mismatch on 100.0% of the lines (1/1)
2024-12-13 14:13:50 - WARNING - words count mismatch on 100.0% of the lines (1/1)
2024-12-13 14:13:50 - WARNING - words count mismatch on 100.0% of the lines (1/1)
2024-12-13 14:13:50 - WARNING - words count mismatch on 100.0% of the lines (1/1)
2024-12-13 14:13:51 - WARNING - words count mismatch on 100.0% of the lines (1/1)
2024-12-13 14:13:51 - WARNING - words count mismatch on 100.0% of the lines (1/1)
2024-12-13 14:13:52 - WARNING - words count mismatch on 100.0% of the lines (1/1)
2024-12-13 14:13:53 - WARNING - words count mismatch on 100.0% of the lines (1/1)
2024-12-13 14:13:53 - WARNING - words count mismatch on 100.0% of the lines (1/1)
2024-12-13 14:13:53 - WARNING - words count mismatch on 100.0% of the lines (1/1)
2024-12-13 14:13:53 - WARNING - words count mismatch on 100.0% of the lines (1/1)
2024-12-13 14:13:54 - WARNING - words count mismatch on 100.0% of the lines (1/1)
2024-12-13 14:13:54 - WARNING - words count mismatch on 100.0% of the lines (1/1)
2024-12-13 14:13:56 - WARNING - words count mismatch on 100.0% of the lines (1/1)
2024-12-13 14:13:56 - WARNING - words count mismatch on 100.0% of the lines (1/1)
2024-12-13 14:13:57 - WARNING - words count mismatch on 100.0% of the lines (1/1)
2024-12-13 14:13:57 - WARNING - words count mismatch on 100.0% of the lines (1/1)
2024-12-13 14:13:57 - WARNING - words count mismatch on 100.0% of the lines (1/1)
2024-12-13 14:13:58 - WARNING - words count mismatch on 100.0% of the lines (1/1)
2024-12-13 14:13:58 - WARNING - words count mismatch on 100.0% of the lines (1/1)
2024-12-13 14:13:59 - WARNING - words count mismatch on 100.0% of the lines (1/1)
2024-12-13 14:13:59 - WARNING - words count mismatch on 100.0% of the lines (1/1)
2024-12-13 14:14:01 - WARNING - words count mismatch on 100.0% of the lines (1/1)
2024-12-13 14:14:01 - WARNING - words count mismatch on 100.0% of the lines (1/1)
2024-12-13 14:14:01 - WARNING - words count mismatch on 100.0% of the lines (1/1)
2024-12-13 14:14:02 - WARNING - words count mismatch on 100.0% of the lines (1/1)
2024-12-13 14:14:03 - WARNING - words count mismatch on 100.0% of the lines (1/1)
2024-12-13 14:14:04 - WARNING - words count mismatch on 100.0% of the lines (1/1)
2024-12-13 14:14:04 - WARNING - words count mismatch on 100.0% of the lines (1/1)
2024-12-13 14:14:05 - WARNING - words count mismatch on 100.0% of the lines (1/1)
2024-12-13 14:14:05 - WARNING - words count mismatch on 100.0% of the lines (1/1)
2024-12-13 14:14:05 - WARNING - words count mismatch on 100.0% of the lines (1/1)
2024-12-13 14:14:06 - WARNING - words count mismatch on 100.0% of the lines (1/1)
2024-12-13 14:14:06 - WARNING - words count mismatch on 100.0% of the lines (1/1)
2024-12-13 14:14:06 - WARNING - words count mismatch on 100.0% of the lines (1/1)
2024-12-13 14:14:07 - WARNING - words count mismatch on 100.0% of the lines (1/1)
2024-12-13 14:14:07 - WARNING - words count mismatch on 100.0% of the lines (1/1)
2024-12-13 14:14:07 - WARNING - words count mismatch on 100.0% of the lines (1/1)
2024-12-13 14:14:07 - WARNING - words count mismatch on 100.0% of the lines (1/1)
2024-12-13 14:14:08 - WARNING - words count mismatch on 100.0% of the lines (1/1)
2024-12-13 14:14:08 - WARNING - words count mismatch on 100.0% of the lines (1/1)
2024-12-13 14:14:08 - WARNING - words count mismatch on 100.0% of the lines (1/1)
2024-12-13 14:14:08 - WARNING - words count mismatch on 100.0% of the lines (1/1)
2024-12-13 14:14:09 - WARNING - words count mismatch on 100.0% of the lines (1/1)
2024-12-13 14:14:09 - WARNING - words count mismatch on 100.0% of the lines (1/1)
2024-12-13 14:14:10 - WARNING - words count mismatch on 100.0% of the lines (1/1)
2024-12-13 14:14:10 - WARNING - words count mismatch on 100.0% of the lines (1/1)
2024-12-13 14:14:10 - WARNING - words count mismatch on 100.0% of the lines (1/1)
2024-12-13 14:14:10 - WARNING - words count mismatch on 100.0% of the lines (1/1)
2024-12-13 14:14:10 - WARNING - words count mismatch on 100.0% of the lines (1/1)
2024-12-13 14:14:11 - WARNING - words count mismatch on 100.0% of the lines (1/1)
2024-12-13 14:14:11 - WARNING - words count mismatch on 100.0% of the lines (1/1)
2024-12-13 14:14:13 - WARNING - words count mismatch on 100.0% of the lines (1/1)
2024-12-13 14:14:14 - WARNING - words count mismatch on 100.0% of the lines (1/1)
2024-12-13 14:14:15 - WARNING - words count mismatch on 100.0% of the lines (1/1)
2024-12-13 14:14:15 - WARNING - words count mismatch on 100.0% of the lines (1/1)
2024-12-13 14:14:17 - WARNING - words count mismatch on 100.0% of the lines (1/1)
2024-12-13 14:14:18 - WARNING - words count mismatch on 100.0% of the lines (1/1)
2024-12-13 14:14:18 - WARNING - words count mismatch on 100.0% of the lines (1/1)
2024-12-13 14:14:18 - WARNING - words count mismatch on 100.0% of the lines (1/1)
2024-12-13 14:14:19 - WARNING - words count mismatch on 100.0% of the lines (1/1)
2024-12-13 14:14:19 - WARNING - words count mismatch on 100.0% of the lines (1/1)
2024-12-13 14:14:19 - WARNING - words count mismatch on 100.0% of the lines (1/1)
2024-12-13 14:14:20 - WARNING - words count mismatch on 100.0% of the lines (1/1)
2024-12-13 14:14:21 - WARNING - words count mismatch on 100.0% of the lines (1/1)
2024-12-13 14:14:21 - WARNING - words count mismatch on 100.0% of the lines (1/1)
2024-12-13 14:14:21 - WARNING - words count mismatch on 100.0% of the lines (1/1)
2024-12-13 14:14:21 - WARNING - words count mismatch on 100.0% of the lines (1/1)
2024-12-13 14:14:22 - WARNING - words count mismatch on 100.0% of the lines (1/1)
2024-12-13 14:14:23 - WARNING - words count mismatch on 100.0% of the lines (1/1)
2024-12-13 14:14:23 - WARNING - words count mismatch on 100.0% of the lines (1/1)
2024-12-13 14:14:24 - WARNING - words count mismatch on 100.0% of the lines (1/1)
2024-12-13 14:14:24 - WARNING - words count mismatch on 100.0% of the lines (1/1)
2024-12-13 14:14:24 - WARNING - words count mismatch on 100.0% of the lines (1/1)
2024-12-13 14:14:24 - WARNING - words count mismatch on 100.0% of the lines (1/1)
2024-12-13 14:14:25 - WARNING - words count mismatch on 100.0% of the lines (1/1)
2024-12-13 14:14:26 - WARNING - words count mismatch on 100.0% of the lines (1/1)
2024-12-13 14:14:26 - WARNING - words count mismatch on 100.0% of the lines (1/1)
2024-12-13 14:14:27 - WARNING - words count mismatch on 100.0% of the lines (1/1)
2024-12-13 14:14:27 - WARNING - words count mismatch on 100.0% of the lines (1/1)
2024-12-13 14:14:27 - WARNING - words count mismatch on 100.0% of the lines (1/1)
2024-12-13 14:14:28 - WARNING - words count mismatch on 100.0% of the lines (1/1)
2024-12-13 14:14:28 - WARNING - words count mismatch on 100.0% of the lines (1/1)
2024-12-13 14:14:28 - WARNING - words count mismatch on 100.0% of the lines (1/1)
2024-12-13 14:14:28 - WARNING - words count mismatch on 100.0% of the lines (1/1)
2024-12-13 14:14:29 - WARNING - words count mismatch on 100.0% of the lines (1/1)
2024-12-13 14:14:29 - WARNING - words count mismatch on 100.0% of the lines (1/1)
2024-12-13 14:14:29 - WARNING - words count mismatch on 100.0% of the lines (1/1)
2024-12-13 14:14:29 - WARNING - words count mismatch on 100.0% of the lines (1/1)
2024-12-13 14:14:30 - WARNING - words count mismatch on 100.0% of the lines (1/1)
2024-12-13 14:14:30 - WARNING - words count mismatch on 100.0% of the lines (1/1)
2024-12-13 14:14:30 - WARNING - words count mismatch on 100.0% of the lines (1/1)
2024-12-13 14:14:30 - WARNING - words count mismatch on 100.0% of the lines (1/1)
2024-12-13 14:14:30 - WARNING - words count mismatch on 100.0% of the lines (1/1)
2024-12-13 14:14:31 - WARNING - words count mismatch on 100.0% of the lines (1/1)
2024-12-13 14:14:31 - WARNING - words count mismatch on 100.0% of the lines (1/1)
2024-12-13 14:14:31 - WARNING - words count mismatch on 100.0% of the lines (1/1)
2024-12-13 14:14:31 - WARNING - words count mismatch on 100.0% of the lines (1/1)
2024-12-13 14:14:31 - WARNING - words count mismatch on 100.0% of the lines (1/1)
2024-12-13 14:14:31 - WARNING - words count mismatch on 100.0% of the lines (1/1)
2024-12-13 14:14:32 - WARNING - words count mismatch on 100.0% of the lines (1/1)
2024-12-13 14:14:32 - WARNING - words count mismatch on 100.0% of the lines (1/1)
2024-12-13 14:14:32 - WARNING - words count mismatch on 100.0% of the lines (1/1)
2024-12-13 14:14:33 - WARNING - words count mismatch on 100.0% of the lines (1/1)
2024-12-13 14:14:34 - WARNING - words count mismatch on 100.0% of the lines (1/1)
2024-12-13 14:14:35 - WARNING - words count mismatch on 100.0% of the lines (1/1)
2024-12-13 14:14:35 - WARNING - words count mismatch on 100.0% of the lines (1/1)
2024-12-13 14:14:36 - WARNING - words count mismatch on 100.0% of the lines (1/1)
2024-12-13 14:14:36 - WARNING - words count mismatch on 100.0% of the lines (1/1)
2024-12-13 14:14:37 - WARNING - words count mismatch on 100.0% of the lines (1/1)
2024-12-13 14:14:37 - WARNING - words count mismatch on 100.0% of the lines (1/1)
2024-12-13 14:14:38 - WARNING - words count mismatch on 100.0% of the lines (1/1)
2024-12-13 14:14:38 - WARNING - words count mismatch on 100.0% of the lines (1/1)
2024-12-13 14:14:38 - WARNING - words count mismatch on 100.0% of the lines (1/1)
2024-12-13 14:14:39 - WARNING - words count mismatch on 100.0% of the lines (1/1)
2024-12-13 14:14:40 - WARNING - words count mismatch on 100.0% of the lines (1/1)
2024-12-13 14:14:40 - WARNING - words count mismatch on 100.0% of the lines (1/1)
2024-12-13 14:14:40 - WARNING - words count mismatch on 100.0% of the lines (1/1)
2024-12-13 14:14:40 - WARNING - words count mismatch on 100.0% of the lines (1/1)
2024-12-13 14:14:41 - WARNING - words count mismatch on 100.0% of the lines (1/1)
2024-12-13 14:14:41 - WARNING - words count mismatch on 100.0% of the lines (1/1)
2024-12-13 14:14:42 - WARNING - words count mismatch on 100.0% of the lines (1/1)
2024-12-13 14:14:42 - WARNING - words count mismatch on 100.0% of the lines (1/1)
2024-12-13 14:14:43 - WARNING - words count mismatch on 100.0% of the lines (1/1)
2024-12-13 14:14:43 - WARNING - words count mismatch on 100.0% of the lines (1/1)
2024-12-13 14:14:43 - WARNING - words count mismatch on 100.0% of the lines (1/1)
2024-12-13 14:14:44 - WARNING - words count mismatch on 100.0% of the lines (1/1)
2024-12-13 14:14:44 - WARNING - words count mismatch on 100.0% of the lines (1/1)
2024-12-13 14:14:44 - WARNING - words count mismatch on 100.0% of the lines (1/1)
2024-12-13 14:14:45 - WARNING - words count mismatch on 100.0% of the lines (1/1)
2024-12-13 14:14:45 - WARNING - words count mismatch on 100.0% of the lines (1/1)
2024-12-13 14:14:47 - WARNING - words count mismatch on 100.0% of the lines (1/1)
2024-12-13 14:14:48 - WARNING - words count mismatch on 100.0% of the lines (1/1)
2024-12-13 14:14:48 - WARNING - words count mismatch on 100.0% of the lines (1/1)
2024-12-13 14:14:48 - WARNING - words count mismatch on 100.0% of the lines (1/1)
2024-12-13 14:14:49 - WARNING - words count mismatch on 100.0% of the lines (1/1)
2024-12-13 14:14:50 - WARNING - words count mismatch on 100.0% of the lines (1/1)
2024-12-13 14:14:51 - WARNING - words count mismatch on 100.0% of the lines (1/1)
2024-12-13 14:14:51 - WARNING - words count mismatch on 100.0% of the lines (1/1)
2024-12-13 14:14:51 - WARNING - words count mismatch on 100.0% of the lines (1/1)
2024-12-13 14:14:52 - WARNING - words count mismatch on 100.0% of the lines (1/1)
2024-12-13 14:14:52 - WARNING - words count mismatch on 100.0% of the lines (1/1)
2024-12-13 14:14:52 - WARNING - words count mismatch on 100.0% of the lines (1/1)
2024-12-13 14:14:52 - WARNING - words count mismatch on 100.0% of the lines (1/1)
2024-12-13 14:14:53 - WARNING - words count mismatch on 100.0% of the lines (1/1)
2024-12-13 14:14:53 - WARNING - words count mismatch on 100.0% of the lines (1/1)
2024-12-13 14:14:54 - WARNING - words count mismatch on 100.0% of the lines (1/1)
2024-12-13 14:14:54 - WARNING - words count mismatch on 100.0% of the lines (1/1)
2024-12-13 14:14:54 - WARNING - words count mismatch on 100.0% of the lines (1/1)
2024-12-13 14:14:55 - WARNING - words count mismatch on 100.0% of the lines (1/1)
2024-12-13 14:14:55 - WARNING - words count mismatch on 100.0% of the lines (1/1)
2024-12-13 14:14:56 - WARNING - words count mismatch on 100.0% of the lines (1/1)
2024-12-13 14:14:56 - WARNING - words count mismatch on 100.0% of the lines (1/1)
2024-12-13 14:14:56 - WARNING - words count mismatch on 100.0% of the lines (1/1)
2024-12-13 14:14:56 - WARNING - words count mismatch on 100.0% of the lines (1/1)
2024-12-13 14:14:57 - WARNING - words count mismatch on 100.0% of the lines (1/1)
2024-12-13 14:14:57 - WARNING - words count mismatch on 100.0% of the lines (1/1)
2024-12-13 14:14:59 - WARNING - words count mismatch on 100.0% of the lines (1/1)
2024-12-13 14:14:59 - WARNING - words count mismatch on 100.0% of the lines (1/1)
2024-12-13 14:15:00 - WARNING - words count mismatch on 100.0% of the lines (1/1)
2024-12-13 14:15:00 - WARNING - words count mismatch on 100.0% of the lines (1/1)
2024-12-13 14:15:00 - WARNING - words count mismatch on 100.0% of the lines (1/1)
2024-12-13 14:15:00 - WARNING - words count mismatch on 100.0% of the lines (1/1)
2024-12-13 14:15:01 - WARNING - words count mismatch on 100.0% of the lines (1/1)
2024-12-13 14:15:01 - WARNING - words count mismatch on 100.0% of the lines (1/1)
2024-12-13 14:15:01 - WARNING - words count mismatch on 100.0% of the lines (1/1)
2024-12-13 14:15:01 - WARNING - words count mismatch on 100.0% of the lines (1/1)
2024-12-13 14:15:01 - WARNING - words count mismatch on 100.0% of the lines (1/1)
2024-12-13 14:15:01 - WARNING - words count mismatch on 100.0% of the lines (1/1)
2024-12-13 14:15:02 - WARNING - words count mismatch on 100.0% of the lines (1/1)
2024-12-13 14:15:02 - WARNING - words count mismatch on 100.0% of the lines (1/1)
2024-12-13 14:15:02 - WARNING - words count mismatch on 100.0% of the lines (1/1)
2024-12-13 14:15:02 - WARNING - words count mismatch on 100.0% of the lines (1/1)
2024-12-13 14:15:02 - WARNING - words count mismatch on 100.0% of the lines (1/1)
2024-12-13 14:15:02 - WARNING - words count mismatch on 100.0% of the lines (1/1)
2024-12-13 14:15:03 - WARNING - words count mismatch on 100.0% of the lines (1/1)
2024-12-13 14:15:03 - WARNING - words count mismatch on 100.0% of the lines (1/1)
2024-12-13 14:15:03 - WARNING - words count mismatch on 100.0% of the lines (1/1)
2024-12-13 14:15:03 - WARNING - words count mismatch on 100.0% of the lines (1/1)
2024-12-13 14:15:04 - WARNING - words count mismatch on 100.0% of the lines (1/1)
2024-12-13 14:15:04 - WARNING - words count mismatch on 100.0% of the lines (1/1)
2024-12-13 14:15:04 - WARNING - words count mismatch on 100.0% of the lines (1/1)
2024-12-13 14:15:04 - WARNING - words count mismatch on 100.0% of the lines (1/1)
2024-12-13 14:15:04 - WARNING - words count mismatch on 100.0% of the lines (1/1)
2024-12-13 14:15:05 - WARNING - words count mismatch on 100.0% of the lines (1/1)
2024-12-13 14:15:05 - WARNING - words count mismatch on 100.0% of the lines (1/1)
2024-12-13 14:15:05 - WARNING - words count mismatch on 100.0% of the lines (1/1)
2024-12-13 14:15:05 - WARNING - words count mismatch on 100.0% of the lines (1/1)
2024-12-13 14:15:05 - WARNING - words count mismatch on 100.0% of the lines (1/1)
2024-12-13 14:15:06 - WARNING - words count mismatch on 100.0% of the lines (1/1)
2024-12-13 14:15:06 - WARNING - words count mismatch on 100.0% of the lines (1/1)
2024-12-13 14:15:06 - WARNING - words count mismatch on 100.0% of the lines (1/1)
2024-12-13 14:15:06 - WARNING - words count mismatch on 100.0% of the lines (1/1)
2024-12-13 14:15:08 - WARNING - words count mismatch on 100.0% of the lines (1/1)
2024-12-13 14:15:08 - WARNING - words count mismatch on 100.0% of the lines (1/1)
2024-12-13 14:15:09 - WARNING - words count mismatch on 100.0% of the lines (1/1)
2024-12-13 14:15:09 - WARNING - words count mismatch on 100.0% of the lines (1/1)
2024-12-13 14:15:09 - WARNING - words count mismatch on 100.0% of the lines (1/1)
2024-12-13 14:15:09 - WARNING - words count mismatch on 100.0% of the lines (1/1)
2024-12-13 14:15:09 - WARNING - words count mismatch on 100.0% of the lines (1/1)
2024-12-13 14:15:10 - WARNING - words count mismatch on 100.0% of the lines (1/1)
2024-12-13 14:15:10 - WARNING - words count mismatch on 100.0% of the lines (1/1)
2024-12-13 14:15:10 - WARNING - words count mismatch on 100.0% of the lines (1/1)
2024-12-13 14:15:10 - WARNING - words count mismatch on 100.0% of the lines (1/1)
2024-12-13 14:15:10 - WARNING - words count mismatch on 100.0% of the lines (1/1)
2024-12-13 14:15:12 - WARNING - words count mismatch on 100.0% of the lines (1/1)
2024-12-13 14:15:12 - WARNING - words count mismatch on 100.0% of the lines (1/1)
2024-12-13 14:15:13 - WARNING - words count mismatch on 100.0% of the lines (1/1)
2024-12-13 14:15:13 - WARNING - words count mismatch on 100.0% of the lines (1/1)
2024-12-13 14:15:13 - WARNING - words count mismatch on 100.0% of the lines (1/1)
2024-12-13 14:15:14 - WARNING - words count mismatch on 100.0% of the lines (1/1)
2024-12-13 14:15:15 - WARNING - words count mismatch on 100.0% of the lines (1/1)
2024-12-13 14:15:15 - WARNING - words count mismatch on 100.0% of the lines (1/1)
2024-12-13 14:15:15 - WARNING - words count mismatch on 100.0% of the lines (1/1)
2024-12-13 14:15:15 - WARNING - words count mismatch on 100.0% of the lines (1/1)
2024-12-13 14:15:16 - WARNING - words count mismatch on 100.0% of the lines (1/1)
2024-12-13 14:15:16 - WARNING - words count mismatch on 100.0% of the lines (1/1)
2024-12-13 14:15:16 - WARNING - words count mismatch on 100.0% of the lines (1/1)
2024-12-13 14:15:16 - WARNING - words count mismatch on 100.0% of the lines (1/1)
2024-12-13 14:15:17 - WARNING - words count mismatch on 100.0% of the lines (1/1)
2024-12-13 14:15:17 - WARNING - words count mismatch on 100.0% of the lines (1/1)
2024-12-13 14:15:18 - WARNING - words count mismatch on 100.0% of the lines (1/1)
2024-12-13 14:15:18 - WARNING - words count mismatch on 100.0% of the lines (1/1)
2024-12-13 14:15:18 - WARNING - words count mismatch on 100.0% of the lines (1/1)
2024-12-13 14:15:19 - WARNING - words count mismatch on 100.0% of the lines (1/1)
2024-12-13 14:15:19 - WARNING - words count mismatch on 100.0% of the lines (1/1)
2024-12-13 14:15:19 - WARNING - words count mismatch on 100.0% of the lines (1/1)
2024-12-13 14:15:19 - WARNING - words count mismatch on 100.0% of the lines (1/1)
2024-12-13 14:15:20 - WARNING - words count mismatch on 100.0% of the lines (1/1)
2024-12-13 14:15:21 - WARNING - words count mismatch on 100.0% of the lines (1/1)
2024-12-13 14:15:21 - WARNING - words count mismatch on 100.0% of the lines (1/1)
2024-12-13 14:15:21 - WARNING - words count mismatch on 100.0% of the lines (1/1)
2024-12-13 14:15:22 - WARNING - words count mismatch on 100.0% of the lines (1/1)
2024-12-13 14:15:22 - WARNING - words count mismatch on 100.0% of the lines (1/1)
2024-12-13 14:15:22 - WARNING - words count mismatch on 100.0% of the lines (1/1)
2024-12-13 14:15:22 - WARNING - words count mismatch on 100.0% of the lines (1/1)
2024-12-13 14:15:23 - WARNING - words count mismatch on 100.0% of the lines (1/1)
2024-12-13 14:15:24 - WARNING - words count mismatch on 100.0% of the lines (1/1)
2024-12-13 14:15:24 - WARNING - words count mismatch on 100.0% of the lines (1/1)
2024-12-13 14:15:24 - WARNING - words count mismatch on 100.0% of the lines (1/1)
2024-12-13 14:15:25 - WARNING - words count mismatch on 100.0% of the lines (1/1)
2024-12-13 14:15:25 - WARNING - words count mismatch on 100.0% of the lines (1/1)
2024-12-13 14:15:26 - INFO - Data preprocessing completed.
